<?xml version="1.0" encoding="UTF-8"?>
<testng-results ignored="13" total="126" passed="18" failed="95" skipped="0">
  <reporter-output>
  </reporter-output>
  <suite started-at="2023-02-12T15:01:19 IST" name="Suite" finished-at="2023-02-12T15:12:36 IST" duration-ms="677028">
    <groups>
    </groups>
    <test started-at="2023-02-12T15:01:19 IST" name="Test" finished-at="2023-02-12T15:12:36 IST" duration-ms="677028">
      <class name="AllTestCases.Device3TextTests">
        <test-method is-config="true" signature="executeBeforeAllTests()[pri:0, instance:AllTestCases.Device3TextTests@7722c3c3]" started-at="2023-02-12T15:01:13 IST" name="executeBeforeAllTests" finished-at="2023-02-12T15:01:15 IST" duration-ms="1408" status="PASS">
          <reporter-output>
          </reporter-output>
        </test-method> <!-- executeBeforeAllTests -->
        <test-method signature="Device3_AEROII_Text()[pri:0, instance:AllTestCases.Device3TextTests@7722c3c3]" started-at="2023-02-12T15:01:19 IST" name="Device3_AEROII_Text" finished-at="2023-02-12T15:01:28 IST" duration-ms="9030" status="FAIL">
          <exception class="java.lang.NullPointerException">
            <message>
              <![CDATA[Cannot invoke "org.apache.poi.xssf.usermodel.XSSFRow.getLastCellNum()" because the return value of "org.apache.poi.xssf.usermodel.XSSFSheet.getRow(int)" is null]]>
            </message>
            <full-stacktrace>
              <![CDATA[java.lang.NullPointerException: Cannot invoke "org.apache.poi.xssf.usermodel.XSSFRow.getLastCellNum()" because the return value of "org.apache.poi.xssf.usermodel.XSSFSheet.getRow(int)" is null
at WPAPI.Utils.readGroupIdFromLocalFile(Utils.java:59)
at WPAPI.MainPOSTLogic.sendMessageToGroups(MainPOSTLogic.java:20)
at AllTestCases.Device3TextTests.Device3_AEROII_Text(Device3TextTests.java:105)
at java.base/jdk.internal.reflect.NativeMethodAccessorImpl.invoke0(Native Method)
at java.base/jdk.internal.reflect.NativeMethodAccessorImpl.invoke(NativeMethodAccessorImpl.java:77)
at java.base/jdk.internal.reflect.DelegatingMethodAccessorImpl.invoke(DelegatingMethodAccessorImpl.java:43)
at java.base/java.lang.reflect.Method.invoke(Method.java:568)
at org.testng.internal.invokers.MethodInvocationHelper.invokeMethod(MethodInvocationHelper.java:139)
at org.testng.internal.invokers.TestInvoker.invokeMethod(TestInvoker.java:677)
at org.testng.internal.invokers.TestInvoker.invokeTestMethod(TestInvoker.java:221)
at org.testng.internal.invokers.MethodRunner.runInSequence(MethodRunner.java:50)
at org.testng.internal.invokers.TestInvoker$MethodInvocationAgent.invoke(TestInvoker.java:969)
at org.testng.internal.invokers.TestInvoker.invokeTestMethods(TestInvoker.java:194)
at org.testng.internal.invokers.TestMethodWorker.invokeTestMethods(TestMethodWorker.java:148)
at org.testng.internal.invokers.TestMethodWorker.run(TestMethodWorker.java:128)
at java.base/java.util.concurrent.ThreadPoolExecutor.runWorker(ThreadPoolExecutor.java:1136)
at java.base/java.util.concurrent.ThreadPoolExecutor$Worker.run(ThreadPoolExecutor.java:635)
at java.base/java.lang.Thread.run(Thread.java:833)
]]>
            </full-stacktrace>
          </exception> <!-- java.lang.NullPointerException -->
          <reporter-output>
          </reporter-output>
        </test-method> <!-- Device3_AEROII_Text -->
        <test-method signature="Device3_AEROI_Text()[pri:0, instance:AllTestCases.Device3TextTests@7722c3c3]" started-at="2023-02-12T15:01:19 IST" name="Device3_AEROI_Text" finished-at="2023-02-12T15:01:31 IST" duration-ms="12514" status="FAIL">
          <exception class="java.util.ConcurrentModificationException">
            <full-stacktrace>
              <![CDATA[java.util.ConcurrentModificationException
at java.base/java.util.ArrayList$ArrayListSpliterator.forEachRemaining(ArrayList.java:1631)
at java.base/java.util.stream.ReferencePipeline$Head.forEach(ReferencePipeline.java:762)
at java.base/java.util.stream.ReferencePipeline$7$1.accept(ReferencePipeline.java:276)
at java.base/java.util.ArrayList$ArrayListSpliterator.forEachRemaining(ArrayList.java:1625)
at java.base/java.util.stream.AbstractPipeline.copyInto(AbstractPipeline.java:509)
at java.base/java.util.stream.AbstractPipeline.wrapAndCopyInto(AbstractPipeline.java:499)
at java.base/java.util.stream.ReduceOps$ReduceOp.evaluateSequential(ReduceOps.java:921)
at java.base/java.util.stream.AbstractPipeline.evaluate(AbstractPipeline.java:234)
at java.base/java.util.stream.ReferencePipeline.collect(ReferencePipeline.java:682)
at com.aventstack.extentreports.model.ReportStats.update(ReportStats.java:49)
at com.aventstack.extentreports.model.Report.refresh(Report.java:52)
at com.aventstack.extentreports.AbstractProcessor.onFlush(AbstractProcessor.java:82)
at com.aventstack.extentreports.ExtentReports.flush(ExtentReports.java:279)
at WPAPI.LogMethods.flush(LogMethods.java:66)
at WPAPI.MainPOSTLogic.sendMessageToGroups(MainPOSTLogic.java:38)
at AllTestCases.Device3TextTests.Device3_AEROI_Text(Device3TextTests.java:84)
at java.base/jdk.internal.reflect.NativeMethodAccessorImpl.invoke0(Native Method)
at java.base/jdk.internal.reflect.NativeMethodAccessorImpl.invoke(NativeMethodAccessorImpl.java:77)
at java.base/jdk.internal.reflect.DelegatingMethodAccessorImpl.invoke(DelegatingMethodAccessorImpl.java:43)
at java.base/java.lang.reflect.Method.invoke(Method.java:568)
at org.testng.internal.invokers.MethodInvocationHelper.invokeMethod(MethodInvocationHelper.java:139)
at org.testng.internal.invokers.TestInvoker.invokeMethod(TestInvoker.java:677)
at org.testng.internal.invokers.TestInvoker.invokeTestMethod(TestInvoker.java:221)
at org.testng.internal.invokers.MethodRunner.runInSequence(MethodRunner.java:50)
at org.testng.internal.invokers.TestInvoker$MethodInvocationAgent.invoke(TestInvoker.java:969)
at org.testng.internal.invokers.TestInvoker.invokeTestMethods(TestInvoker.java:194)
at org.testng.internal.invokers.TestMethodWorker.invokeTestMethods(TestMethodWorker.java:148)
at org.testng.internal.invokers.TestMethodWorker.run(TestMethodWorker.java:128)
at java.base/java.util.concurrent.ThreadPoolExecutor.runWorker(ThreadPoolExecutor.java:1136)
at java.base/java.util.concurrent.ThreadPoolExecutor$Worker.run(ThreadPoolExecutor.java:635)
at java.base/java.lang.Thread.run(Thread.java:833)
]]>
            </full-stacktrace>
          </exception> <!-- java.util.ConcurrentModificationException -->
          <reporter-output>
          </reporter-output>
        </test-method> <!-- Device3_AEROI_Text -->
        <test-method signature="Device3_DualAEROII_Text()[pri:0, instance:AllTestCases.Device3TextTests@7722c3c3]" started-at="2023-02-12T15:01:19 IST" name="Device3_DualAEROII_Text" finished-at="2023-02-12T15:10:57 IST" duration-ms="577960" status="PASS">
          <reporter-output>
          </reporter-output>
        </test-method> <!-- Device3_DualAEROII_Text -->
        <test-method signature="Device3_DualAEROI_Text()[pri:0, instance:AllTestCases.Device3TextTests@7722c3c3]" started-at="2023-02-12T15:01:19 IST" name="Device3_DualAEROI_Text" finished-at="2023-02-12T15:01:32 IST" duration-ms="12911" status="FAIL">
          <exception class="java.util.ConcurrentModificationException">
            <full-stacktrace>
              <![CDATA[java.util.ConcurrentModificationException
at java.base/java.util.ArrayList$ArrayListSpliterator.forEachRemaining(ArrayList.java:1631)
at java.base/java.util.stream.ReferencePipeline$Head.forEach(ReferencePipeline.java:762)
at java.base/java.util.stream.ReferencePipeline$7$1.accept(ReferencePipeline.java:276)
at java.base/java.util.ArrayList$ArrayListSpliterator.forEachRemaining(ArrayList.java:1625)
at java.base/java.util.stream.AbstractPipeline.copyInto(AbstractPipeline.java:509)
at java.base/java.util.stream.AbstractPipeline.wrapAndCopyInto(AbstractPipeline.java:499)
at java.base/java.util.stream.ReduceOps$ReduceOp.evaluateSequential(ReduceOps.java:921)
at java.base/java.util.stream.AbstractPipeline.evaluate(AbstractPipeline.java:234)
at java.base/java.util.stream.ReferencePipeline.collect(ReferencePipeline.java:682)
at com.aventstack.extentreports.model.ReportStats.update(ReportStats.java:49)
at com.aventstack.extentreports.model.Report.refresh(Report.java:52)
at com.aventstack.extentreports.AbstractProcessor.onFlush(AbstractProcessor.java:82)
at com.aventstack.extentreports.ExtentReports.flush(ExtentReports.java:279)
at WPAPI.LogMethods.flush(LogMethods.java:66)
at WPAPI.MainPOSTLogic.sendMessageToGroups(MainPOSTLogic.java:38)
at AllTestCases.Device3TextTests.Device3_DualAEROI_Text(Device3TextTests.java:91)
at java.base/jdk.internal.reflect.NativeMethodAccessorImpl.invoke0(Native Method)
at java.base/jdk.internal.reflect.NativeMethodAccessorImpl.invoke(NativeMethodAccessorImpl.java:77)
at java.base/jdk.internal.reflect.DelegatingMethodAccessorImpl.invoke(DelegatingMethodAccessorImpl.java:43)
at java.base/java.lang.reflect.Method.invoke(Method.java:568)
at org.testng.internal.invokers.MethodInvocationHelper.invokeMethod(MethodInvocationHelper.java:139)
at org.testng.internal.invokers.TestInvoker.invokeMethod(TestInvoker.java:677)
at org.testng.internal.invokers.TestInvoker.invokeTestMethod(TestInvoker.java:221)
at org.testng.internal.invokers.MethodRunner.runInSequence(MethodRunner.java:50)
at org.testng.internal.invokers.TestInvoker$MethodInvocationAgent.invoke(TestInvoker.java:969)
at org.testng.internal.invokers.TestInvoker.invokeTestMethods(TestInvoker.java:194)
at org.testng.internal.invokers.TestMethodWorker.invokeTestMethods(TestMethodWorker.java:148)
at org.testng.internal.invokers.TestMethodWorker.run(TestMethodWorker.java:128)
at java.base/java.util.concurrent.ThreadPoolExecutor.runWorker(ThreadPoolExecutor.java:1136)
at java.base/java.util.concurrent.ThreadPoolExecutor$Worker.run(ThreadPoolExecutor.java:635)
at java.base/java.lang.Thread.run(Thread.java:833)
]]>
            </full-stacktrace>
          </exception> <!-- java.util.ConcurrentModificationException -->
          <reporter-output>
          </reporter-output>
        </test-method> <!-- Device3_DualAEROI_Text -->
        <test-method signature="Device3_DualFM_Text()[pri:0, instance:AllTestCases.Device3TextTests@7722c3c3]" started-at="2023-02-12T15:01:19 IST" name="Device3_DualFM_Text" finished-at="2023-02-12T15:01:32 IST" duration-ms="12857" status="FAIL">
          <exception class="java.util.ConcurrentModificationException">
            <full-stacktrace>
              <![CDATA[java.util.ConcurrentModificationException
at java.base/java.util.ArrayList$ArrayListSpliterator.forEachRemaining(ArrayList.java:1631)
at java.base/java.util.stream.ReferencePipeline$Head.forEach(ReferencePipeline.java:762)
at java.base/java.util.stream.ReferencePipeline$7$1.accept(ReferencePipeline.java:276)
at java.base/java.util.ArrayList$ArrayListSpliterator.forEachRemaining(ArrayList.java:1625)
at java.base/java.util.stream.AbstractPipeline.copyInto(AbstractPipeline.java:509)
at java.base/java.util.stream.AbstractPipeline.wrapAndCopyInto(AbstractPipeline.java:499)
at java.base/java.util.stream.ReduceOps$ReduceOp.evaluateSequential(ReduceOps.java:921)
at java.base/java.util.stream.AbstractPipeline.evaluate(AbstractPipeline.java:234)
at java.base/java.util.stream.ReferencePipeline.collect(ReferencePipeline.java:682)
at com.aventstack.extentreports.model.ReportStats.update(ReportStats.java:49)
at com.aventstack.extentreports.model.Report.refresh(Report.java:52)
at com.aventstack.extentreports.AbstractProcessor.onFlush(AbstractProcessor.java:82)
at com.aventstack.extentreports.ExtentReports.flush(ExtentReports.java:279)
at WPAPI.LogMethods.flush(LogMethods.java:66)
at WPAPI.MainPOSTLogic.sendMessageToGroups(MainPOSTLogic.java:38)
at AllTestCases.Device3TextTests.Device3_DualFM_Text(Device3TextTests.java:28)
at java.base/jdk.internal.reflect.NativeMethodAccessorImpl.invoke0(Native Method)
at java.base/jdk.internal.reflect.NativeMethodAccessorImpl.invoke(NativeMethodAccessorImpl.java:77)
at java.base/jdk.internal.reflect.DelegatingMethodAccessorImpl.invoke(DelegatingMethodAccessorImpl.java:43)
at java.base/java.lang.reflect.Method.invoke(Method.java:568)
at org.testng.internal.invokers.MethodInvocationHelper.invokeMethod(MethodInvocationHelper.java:139)
at org.testng.internal.invokers.TestInvoker.invokeMethod(TestInvoker.java:677)
at org.testng.internal.invokers.TestInvoker.invokeTestMethod(TestInvoker.java:221)
at org.testng.internal.invokers.MethodRunner.runInSequence(MethodRunner.java:50)
at org.testng.internal.invokers.TestInvoker$MethodInvocationAgent.invoke(TestInvoker.java:969)
at org.testng.internal.invokers.TestInvoker.invokeTestMethods(TestInvoker.java:194)
at org.testng.internal.invokers.TestMethodWorker.invokeTestMethods(TestMethodWorker.java:148)
at org.testng.internal.invokers.TestMethodWorker.run(TestMethodWorker.java:128)
at java.base/java.util.concurrent.ThreadPoolExecutor.runWorker(ThreadPoolExecutor.java:1136)
at java.base/java.util.concurrent.ThreadPoolExecutor$Worker.run(ThreadPoolExecutor.java:635)
at java.base/java.lang.Thread.run(Thread.java:833)
]]>
            </full-stacktrace>
          </exception> <!-- java.util.ConcurrentModificationException -->
          <reporter-output>
          </reporter-output>
        </test-method> <!-- Device3_DualFM_Text -->
        <test-method signature="Device3_DualGB_Text()[pri:0, instance:AllTestCases.Device3TextTests@7722c3c3]" started-at="2023-02-12T15:01:19 IST" name="Device3_DualGB_Text" finished-at="2023-02-12T15:01:32 IST" duration-ms="12836" status="FAIL">
          <exception class="java.util.ConcurrentModificationException">
            <full-stacktrace>
              <![CDATA[java.util.ConcurrentModificationException
at java.base/java.util.ArrayList$ArrayListSpliterator.forEachRemaining(ArrayList.java:1631)
at java.base/java.util.stream.ReferencePipeline$Head.forEach(ReferencePipeline.java:762)
at java.base/java.util.stream.ReferencePipeline$7$1.accept(ReferencePipeline.java:276)
at java.base/java.util.ArrayList$ArrayListSpliterator.forEachRemaining(ArrayList.java:1625)
at java.base/java.util.stream.AbstractPipeline.copyInto(AbstractPipeline.java:509)
at java.base/java.util.stream.AbstractPipeline.wrapAndCopyInto(AbstractPipeline.java:499)
at java.base/java.util.stream.ReduceOps$ReduceOp.evaluateSequential(ReduceOps.java:921)
at java.base/java.util.stream.AbstractPipeline.evaluate(AbstractPipeline.java:234)
at java.base/java.util.stream.ReferencePipeline.collect(ReferencePipeline.java:682)
at com.aventstack.extentreports.model.ReportStats.update(ReportStats.java:49)
at com.aventstack.extentreports.model.Report.refresh(Report.java:52)
at com.aventstack.extentreports.AbstractProcessor.onFlush(AbstractProcessor.java:82)
at com.aventstack.extentreports.ExtentReports.flush(ExtentReports.java:279)
at WPAPI.LogMethods.flush(LogMethods.java:66)
at WPAPI.MainPOSTLogic.sendMessageToGroups(MainPOSTLogic.java:38)
at AllTestCases.Device3TextTests.Device3_DualGB_Text(Device3TextTests.java:49)
at java.base/jdk.internal.reflect.NativeMethodAccessorImpl.invoke0(Native Method)
at java.base/jdk.internal.reflect.NativeMethodAccessorImpl.invoke(NativeMethodAccessorImpl.java:77)
at java.base/jdk.internal.reflect.DelegatingMethodAccessorImpl.invoke(DelegatingMethodAccessorImpl.java:43)
at java.base/java.lang.reflect.Method.invoke(Method.java:568)
at org.testng.internal.invokers.MethodInvocationHelper.invokeMethod(MethodInvocationHelper.java:139)
at org.testng.internal.invokers.TestInvoker.invokeMethod(TestInvoker.java:677)
at org.testng.internal.invokers.TestInvoker.invokeTestMethod(TestInvoker.java:221)
at org.testng.internal.invokers.MethodRunner.runInSequence(MethodRunner.java:50)
at org.testng.internal.invokers.TestInvoker$MethodInvocationAgent.invoke(TestInvoker.java:969)
at org.testng.internal.invokers.TestInvoker.invokeTestMethods(TestInvoker.java:194)
at org.testng.internal.invokers.TestMethodWorker.invokeTestMethods(TestMethodWorker.java:148)
at org.testng.internal.invokers.TestMethodWorker.run(TestMethodWorker.java:128)
at java.base/java.util.concurrent.ThreadPoolExecutor.runWorker(ThreadPoolExecutor.java:1136)
at java.base/java.util.concurrent.ThreadPoolExecutor$Worker.run(ThreadPoolExecutor.java:635)
at java.base/java.lang.Thread.run(Thread.java:833)
]]>
            </full-stacktrace>
          </exception> <!-- java.util.ConcurrentModificationException -->
          <reporter-output>
          </reporter-output>
        </test-method> <!-- Device3_DualGB_Text -->
        <test-method signature="Device3_DualWA_Text()[pri:0, instance:AllTestCases.Device3TextTests@7722c3c3]" started-at="2023-02-12T15:01:19 IST" name="Device3_DualWA_Text" finished-at="2023-02-12T15:01:32 IST" duration-ms="12882" status="FAIL">
          <exception class="java.util.ConcurrentModificationException">
            <full-stacktrace>
              <![CDATA[java.util.ConcurrentModificationException
at java.base/java.util.ArrayList$ArrayListSpliterator.forEachRemaining(ArrayList.java:1631)
at java.base/java.util.stream.ReferencePipeline$Head.forEach(ReferencePipeline.java:762)
at java.base/java.util.stream.ReferencePipeline$7$1.accept(ReferencePipeline.java:276)
at java.base/java.util.ArrayList$ArrayListSpliterator.forEachRemaining(ArrayList.java:1625)
at java.base/java.util.stream.AbstractPipeline.copyInto(AbstractPipeline.java:509)
at java.base/java.util.stream.AbstractPipeline.wrapAndCopyInto(AbstractPipeline.java:499)
at java.base/java.util.stream.ReduceOps$ReduceOp.evaluateSequential(ReduceOps.java:921)
at java.base/java.util.stream.AbstractPipeline.evaluate(AbstractPipeline.java:234)
at java.base/java.util.stream.ReferencePipeline.collect(ReferencePipeline.java:682)
at com.aventstack.extentreports.model.ReportStats.update(ReportStats.java:49)
at com.aventstack.extentreports.model.Report.refresh(Report.java:52)
at com.aventstack.extentreports.AbstractProcessor.onFlush(AbstractProcessor.java:82)
at com.aventstack.extentreports.ExtentReports.flush(ExtentReports.java:279)
at WPAPI.LogMethods.flush(LogMethods.java:66)
at WPAPI.MainPOSTLogic.sendMessageToGroups(MainPOSTLogic.java:38)
at AllTestCases.Device3TextTests.Device3_DualWA_Text(Device3TextTests.java:133)
at java.base/jdk.internal.reflect.NativeMethodAccessorImpl.invoke0(Native Method)
at java.base/jdk.internal.reflect.NativeMethodAccessorImpl.invoke(NativeMethodAccessorImpl.java:77)
at java.base/jdk.internal.reflect.DelegatingMethodAccessorImpl.invoke(DelegatingMethodAccessorImpl.java:43)
at java.base/java.lang.reflect.Method.invoke(Method.java:568)
at org.testng.internal.invokers.MethodInvocationHelper.invokeMethod(MethodInvocationHelper.java:139)
at org.testng.internal.invokers.TestInvoker.invokeMethod(TestInvoker.java:677)
at org.testng.internal.invokers.TestInvoker.invokeTestMethod(TestInvoker.java:221)
at org.testng.internal.invokers.MethodRunner.runInSequence(MethodRunner.java:50)
at org.testng.internal.invokers.TestInvoker$MethodInvocationAgent.invoke(TestInvoker.java:969)
at org.testng.internal.invokers.TestInvoker.invokeTestMethods(TestInvoker.java:194)
at org.testng.internal.invokers.TestMethodWorker.invokeTestMethods(TestMethodWorker.java:148)
at org.testng.internal.invokers.TestMethodWorker.run(TestMethodWorker.java:128)
at java.base/java.util.concurrent.ThreadPoolExecutor.runWorker(ThreadPoolExecutor.java:1136)
at java.base/java.util.concurrent.ThreadPoolExecutor$Worker.run(ThreadPoolExecutor.java:635)
at java.base/java.lang.Thread.run(Thread.java:833)
]]>
            </full-stacktrace>
          </exception> <!-- java.util.ConcurrentModificationException -->
          <reporter-output>
          </reporter-output>
        </test-method> <!-- Device3_DualWA_Text -->
        <test-method signature="Device3_DualWB_Text()[pri:0, instance:AllTestCases.Device3TextTests@7722c3c3]" started-at="2023-02-12T15:01:19 IST" name="Device3_DualWB_Text" finished-at="2023-02-12T15:01:31 IST" duration-ms="12138" status="FAIL">
          <exception class="java.util.ConcurrentModificationException">
            <full-stacktrace>
              <![CDATA[java.util.ConcurrentModificationException
at java.base/java.util.ArrayList$ArrayListSpliterator.forEachRemaining(ArrayList.java:1631)
at java.base/java.util.stream.ReferencePipeline$Head.forEach(ReferencePipeline.java:762)
at java.base/java.util.stream.ReferencePipeline$7$1.accept(ReferencePipeline.java:276)
at java.base/java.util.ArrayList$ArrayListSpliterator.forEachRemaining(ArrayList.java:1625)
at java.base/java.util.stream.AbstractPipeline.copyInto(AbstractPipeline.java:509)
at java.base/java.util.stream.AbstractPipeline.wrapAndCopyInto(AbstractPipeline.java:499)
at java.base/java.util.stream.ReduceOps$ReduceOp.evaluateSequential(ReduceOps.java:921)
at java.base/java.util.stream.AbstractPipeline.evaluate(AbstractPipeline.java:234)
at java.base/java.util.stream.ReferencePipeline.collect(ReferencePipeline.java:682)
at com.aventstack.extentreports.model.ReportStats.update(ReportStats.java:49)
at com.aventstack.extentreports.model.Report.refresh(Report.java:52)
at com.aventstack.extentreports.AbstractProcessor.onFlush(AbstractProcessor.java:82)
at com.aventstack.extentreports.ExtentReports.flush(ExtentReports.java:279)
at WPAPI.LogMethods.flush(LogMethods.java:66)
at WPAPI.MainPOSTLogic.sendMessageToGroups(MainPOSTLogic.java:38)
at AllTestCases.Device3TextTests.Device3_DualWB_Text(Device3TextTests.java:70)
at java.base/jdk.internal.reflect.NativeMethodAccessorImpl.invoke0(Native Method)
at java.base/jdk.internal.reflect.NativeMethodAccessorImpl.invoke(NativeMethodAccessorImpl.java:77)
at java.base/jdk.internal.reflect.DelegatingMethodAccessorImpl.invoke(DelegatingMethodAccessorImpl.java:43)
at java.base/java.lang.reflect.Method.invoke(Method.java:568)
at org.testng.internal.invokers.MethodInvocationHelper.invokeMethod(MethodInvocationHelper.java:139)
at org.testng.internal.invokers.TestInvoker.invokeMethod(TestInvoker.java:677)
at org.testng.internal.invokers.TestInvoker.invokeTestMethod(TestInvoker.java:221)
at org.testng.internal.invokers.MethodRunner.runInSequence(MethodRunner.java:50)
at org.testng.internal.invokers.TestInvoker$MethodInvocationAgent.invoke(TestInvoker.java:969)
at org.testng.internal.invokers.TestInvoker.invokeTestMethods(TestInvoker.java:194)
at org.testng.internal.invokers.TestMethodWorker.invokeTestMethods(TestMethodWorker.java:148)
at org.testng.internal.invokers.TestMethodWorker.run(TestMethodWorker.java:128)
at java.base/java.util.concurrent.ThreadPoolExecutor.runWorker(ThreadPoolExecutor.java:1136)
at java.base/java.util.concurrent.ThreadPoolExecutor$Worker.run(ThreadPoolExecutor.java:635)
at java.base/java.lang.Thread.run(Thread.java:833)
]]>
            </full-stacktrace>
          </exception> <!-- java.util.ConcurrentModificationException -->
          <reporter-output>
          </reporter-output>
        </test-method> <!-- Device3_DualWB_Text -->
        <test-method signature="Device3_DualYO_Text()[pri:0, instance:AllTestCases.Device3TextTests@7722c3c3]" started-at="2023-02-12T15:01:19 IST" name="Device3_DualYO_Text" finished-at="2023-02-12T15:01:32 IST" duration-ms="12859" status="FAIL">
          <exception class="java.util.ConcurrentModificationException">
            <full-stacktrace>
              <![CDATA[java.util.ConcurrentModificationException
at java.base/java.util.ArrayList$ArrayListSpliterator.forEachRemaining(ArrayList.java:1631)
at java.base/java.util.stream.ReferencePipeline$Head.forEach(ReferencePipeline.java:762)
at java.base/java.util.stream.ReferencePipeline$7$1.accept(ReferencePipeline.java:276)
at java.base/java.util.ArrayList$ArrayListSpliterator.forEachRemaining(ArrayList.java:1625)
at java.base/java.util.stream.AbstractPipeline.copyInto(AbstractPipeline.java:509)
at java.base/java.util.stream.AbstractPipeline.wrapAndCopyInto(AbstractPipeline.java:499)
at java.base/java.util.stream.ReduceOps$ReduceOp.evaluateSequential(ReduceOps.java:921)
at java.base/java.util.stream.AbstractPipeline.evaluate(AbstractPipeline.java:234)
at java.base/java.util.stream.ReferencePipeline.collect(ReferencePipeline.java:682)
at com.aventstack.extentreports.model.ReportStats.update(ReportStats.java:49)
at com.aventstack.extentreports.model.Report.refresh(Report.java:52)
at com.aventstack.extentreports.AbstractProcessor.onFlush(AbstractProcessor.java:82)
at com.aventstack.extentreports.ExtentReports.flush(ExtentReports.java:279)
at WPAPI.LogMethods.flush(LogMethods.java:66)
at WPAPI.MainPOSTLogic.sendMessageToGroups(MainPOSTLogic.java:38)
at AllTestCases.Device3TextTests.Device3_DualYO_Text(Device3TextTests.java:154)
at java.base/jdk.internal.reflect.NativeMethodAccessorImpl.invoke0(Native Method)
at java.base/jdk.internal.reflect.NativeMethodAccessorImpl.invoke(NativeMethodAccessorImpl.java:77)
at java.base/jdk.internal.reflect.DelegatingMethodAccessorImpl.invoke(DelegatingMethodAccessorImpl.java:43)
at java.base/java.lang.reflect.Method.invoke(Method.java:568)
at org.testng.internal.invokers.MethodInvocationHelper.invokeMethod(MethodInvocationHelper.java:139)
at org.testng.internal.invokers.TestInvoker.invokeMethod(TestInvoker.java:677)
at org.testng.internal.invokers.TestInvoker.invokeTestMethod(TestInvoker.java:221)
at org.testng.internal.invokers.MethodRunner.runInSequence(MethodRunner.java:50)
at org.testng.internal.invokers.TestInvoker$MethodInvocationAgent.invoke(TestInvoker.java:969)
at org.testng.internal.invokers.TestInvoker.invokeTestMethods(TestInvoker.java:194)
at org.testng.internal.invokers.TestMethodWorker.invokeTestMethods(TestMethodWorker.java:148)
at org.testng.internal.invokers.TestMethodWorker.run(TestMethodWorker.java:128)
at java.base/java.util.concurrent.ThreadPoolExecutor.runWorker(ThreadPoolExecutor.java:1136)
at java.base/java.util.concurrent.ThreadPoolExecutor$Worker.run(ThreadPoolExecutor.java:635)
at java.base/java.lang.Thread.run(Thread.java:833)
]]>
            </full-stacktrace>
          </exception> <!-- java.util.ConcurrentModificationException -->
          <reporter-output>
          </reporter-output>
        </test-method> <!-- Device3_DualYO_Text -->
        <test-method signature="Device3_FM_Text()[pri:0, instance:AllTestCases.Device3TextTests@7722c3c3]" started-at="2023-02-12T15:01:19 IST" name="Device3_FM_Text" finished-at="2023-02-12T15:01:32 IST" duration-ms="12565" status="FAIL">
          <exception class="java.util.ConcurrentModificationException">
            <full-stacktrace>
              <![CDATA[java.util.ConcurrentModificationException
at java.base/java.util.ArrayList$ArrayListSpliterator.forEachRemaining(ArrayList.java:1631)
at java.base/java.util.stream.ReferencePipeline$Head.forEach(ReferencePipeline.java:762)
at java.base/java.util.stream.ReferencePipeline$7$1.accept(ReferencePipeline.java:276)
at java.base/java.util.ArrayList$ArrayListSpliterator.forEachRemaining(ArrayList.java:1625)
at java.base/java.util.stream.AbstractPipeline.copyInto(AbstractPipeline.java:509)
at java.base/java.util.stream.AbstractPipeline.wrapAndCopyInto(AbstractPipeline.java:499)
at java.base/java.util.stream.ReduceOps$ReduceOp.evaluateSequential(ReduceOps.java:921)
at java.base/java.util.stream.AbstractPipeline.evaluate(AbstractPipeline.java:234)
at java.base/java.util.stream.ReferencePipeline.collect(ReferencePipeline.java:682)
at com.aventstack.extentreports.model.ReportStats.update(ReportStats.java:49)
at com.aventstack.extentreports.model.Report.refresh(Report.java:52)
at com.aventstack.extentreports.AbstractProcessor.onFlush(AbstractProcessor.java:82)
at com.aventstack.extentreports.ExtentReports.flush(ExtentReports.java:279)
at WPAPI.LogMethods.flush(LogMethods.java:66)
at WPAPI.MainPOSTLogic.sendMessageToGroups(MainPOSTLogic.java:38)
at AllTestCases.Device3TextTests.Device3_FM_Text(Device3TextTests.java:22)
at java.base/jdk.internal.reflect.NativeMethodAccessorImpl.invoke0(Native Method)
at java.base/jdk.internal.reflect.NativeMethodAccessorImpl.invoke(NativeMethodAccessorImpl.java:77)
at java.base/jdk.internal.reflect.DelegatingMethodAccessorImpl.invoke(DelegatingMethodAccessorImpl.java:43)
at java.base/java.lang.reflect.Method.invoke(Method.java:568)
at org.testng.internal.invokers.MethodInvocationHelper.invokeMethod(MethodInvocationHelper.java:139)
at org.testng.internal.invokers.TestInvoker.invokeMethod(TestInvoker.java:677)
at org.testng.internal.invokers.TestInvoker.invokeTestMethod(TestInvoker.java:221)
at org.testng.internal.invokers.MethodRunner.runInSequence(MethodRunner.java:50)
at org.testng.internal.invokers.TestInvoker$MethodInvocationAgent.invoke(TestInvoker.java:969)
at org.testng.internal.invokers.TestInvoker.invokeTestMethods(TestInvoker.java:194)
at org.testng.internal.invokers.TestMethodWorker.invokeTestMethods(TestMethodWorker.java:148)
at org.testng.internal.invokers.TestMethodWorker.run(TestMethodWorker.java:128)
at java.base/java.util.concurrent.ThreadPoolExecutor.runWorker(ThreadPoolExecutor.java:1136)
at java.base/java.util.concurrent.ThreadPoolExecutor$Worker.run(ThreadPoolExecutor.java:635)
at java.base/java.lang.Thread.run(Thread.java:833)
]]>
            </full-stacktrace>
          </exception> <!-- java.util.ConcurrentModificationException -->
          <reporter-output>
          </reporter-output>
        </test-method> <!-- Device3_FM_Text -->
        <test-method signature="Device3_GB_Text()[pri:0, instance:AllTestCases.Device3TextTests@7722c3c3]" started-at="2023-02-12T15:01:19 IST" name="Device3_GB_Text" finished-at="2023-02-12T15:01:31 IST" duration-ms="12485" status="FAIL">
          <exception class="java.util.ConcurrentModificationException">
            <full-stacktrace>
              <![CDATA[java.util.ConcurrentModificationException
at java.base/java.util.ArrayList$ArrayListSpliterator.forEachRemaining(ArrayList.java:1631)
at java.base/java.util.stream.ReferencePipeline$Head.forEach(ReferencePipeline.java:762)
at java.base/java.util.stream.ReferencePipeline$7$1.accept(ReferencePipeline.java:276)
at java.base/java.util.ArrayList$ArrayListSpliterator.forEachRemaining(ArrayList.java:1625)
at java.base/java.util.stream.AbstractPipeline.copyInto(AbstractPipeline.java:509)
at java.base/java.util.stream.AbstractPipeline.wrapAndCopyInto(AbstractPipeline.java:499)
at java.base/java.util.stream.ReduceOps$ReduceOp.evaluateSequential(ReduceOps.java:921)
at java.base/java.util.stream.AbstractPipeline.evaluate(AbstractPipeline.java:234)
at java.base/java.util.stream.ReferencePipeline.collect(ReferencePipeline.java:682)
at com.aventstack.extentreports.model.ReportStats.update(ReportStats.java:49)
at com.aventstack.extentreports.model.Report.refresh(Report.java:52)
at com.aventstack.extentreports.AbstractProcessor.onFlush(AbstractProcessor.java:82)
at com.aventstack.extentreports.ExtentReports.flush(ExtentReports.java:279)
at WPAPI.LogMethods.flush(LogMethods.java:66)
at WPAPI.MainPOSTLogic.sendMessageToGroups(MainPOSTLogic.java:38)
at AllTestCases.Device3TextTests.Device3_GB_Text(Device3TextTests.java:42)
at java.base/jdk.internal.reflect.NativeMethodAccessorImpl.invoke0(Native Method)
at java.base/jdk.internal.reflect.NativeMethodAccessorImpl.invoke(NativeMethodAccessorImpl.java:77)
at java.base/jdk.internal.reflect.DelegatingMethodAccessorImpl.invoke(DelegatingMethodAccessorImpl.java:43)
at java.base/java.lang.reflect.Method.invoke(Method.java:568)
at org.testng.internal.invokers.MethodInvocationHelper.invokeMethod(MethodInvocationHelper.java:139)
at org.testng.internal.invokers.TestInvoker.invokeMethod(TestInvoker.java:677)
at org.testng.internal.invokers.TestInvoker.invokeTestMethod(TestInvoker.java:221)
at org.testng.internal.invokers.MethodRunner.runInSequence(MethodRunner.java:50)
at org.testng.internal.invokers.TestInvoker$MethodInvocationAgent.invoke(TestInvoker.java:969)
at org.testng.internal.invokers.TestInvoker.invokeTestMethods(TestInvoker.java:194)
at org.testng.internal.invokers.TestMethodWorker.invokeTestMethods(TestMethodWorker.java:148)
at org.testng.internal.invokers.TestMethodWorker.run(TestMethodWorker.java:128)
at java.base/java.util.concurrent.ThreadPoolExecutor.runWorker(ThreadPoolExecutor.java:1136)
at java.base/java.util.concurrent.ThreadPoolExecutor$Worker.run(ThreadPoolExecutor.java:635)
at java.base/java.lang.Thread.run(Thread.java:833)
]]>
            </full-stacktrace>
          </exception> <!-- java.util.ConcurrentModificationException -->
          <reporter-output>
          </reporter-output>
        </test-method> <!-- Device3_GB_Text -->
        <test-method signature="Device3_WA_Text()[pri:0, instance:AllTestCases.Device3TextTests@7722c3c3]" started-at="2023-02-12T15:01:19 IST" name="Device3_WA_Text" finished-at="2023-02-12T15:11:48 IST" duration-ms="629154" status="PASS">
          <reporter-output>
          </reporter-output>
        </test-method> <!-- Device3_WA_Text -->
        <test-method signature="Device3_WB_Text()[pri:0, instance:AllTestCases.Device3TextTests@7722c3c3]" started-at="2023-02-12T15:01:19 IST" name="Device3_WB_Text" finished-at="2023-02-12T15:01:32 IST" duration-ms="12585" status="FAIL">
          <exception class="java.util.ConcurrentModificationException">
            <full-stacktrace>
              <![CDATA[java.util.ConcurrentModificationException
at java.base/java.util.ArrayList$ArrayListSpliterator.forEachRemaining(ArrayList.java:1631)
at java.base/java.util.stream.ReferencePipeline$Head.forEach(ReferencePipeline.java:762)
at java.base/java.util.stream.ReferencePipeline$7$1.accept(ReferencePipeline.java:276)
at java.base/java.util.ArrayList$ArrayListSpliterator.forEachRemaining(ArrayList.java:1625)
at java.base/java.util.stream.AbstractPipeline.copyInto(AbstractPipeline.java:509)
at java.base/java.util.stream.AbstractPipeline.wrapAndCopyInto(AbstractPipeline.java:499)
at java.base/java.util.stream.ReduceOps$ReduceOp.evaluateSequential(ReduceOps.java:921)
at java.base/java.util.stream.AbstractPipeline.evaluate(AbstractPipeline.java:234)
at java.base/java.util.stream.ReferencePipeline.collect(ReferencePipeline.java:682)
at com.aventstack.extentreports.model.ReportStats.update(ReportStats.java:49)
at com.aventstack.extentreports.model.Report.refresh(Report.java:52)
at com.aventstack.extentreports.AbstractProcessor.onFlush(AbstractProcessor.java:82)
at com.aventstack.extentreports.ExtentReports.flush(ExtentReports.java:279)
at WPAPI.LogMethods.flush(LogMethods.java:66)
at WPAPI.MainPOSTLogic.sendMessageToGroups(MainPOSTLogic.java:38)
at AllTestCases.Device3TextTests.Device3_WB_Text(Device3TextTests.java:63)
at java.base/jdk.internal.reflect.NativeMethodAccessorImpl.invoke0(Native Method)
at java.base/jdk.internal.reflect.NativeMethodAccessorImpl.invoke(NativeMethodAccessorImpl.java:77)
at java.base/jdk.internal.reflect.DelegatingMethodAccessorImpl.invoke(DelegatingMethodAccessorImpl.java:43)
at java.base/java.lang.reflect.Method.invoke(Method.java:568)
at org.testng.internal.invokers.MethodInvocationHelper.invokeMethod(MethodInvocationHelper.java:139)
at org.testng.internal.invokers.TestInvoker.invokeMethod(TestInvoker.java:677)
at org.testng.internal.invokers.TestInvoker.invokeTestMethod(TestInvoker.java:221)
at org.testng.internal.invokers.MethodRunner.runInSequence(MethodRunner.java:50)
at org.testng.internal.invokers.TestInvoker$MethodInvocationAgent.invoke(TestInvoker.java:969)
at org.testng.internal.invokers.TestInvoker.invokeTestMethods(TestInvoker.java:194)
at org.testng.internal.invokers.TestMethodWorker.invokeTestMethods(TestMethodWorker.java:148)
at org.testng.internal.invokers.TestMethodWorker.run(TestMethodWorker.java:128)
at java.base/java.util.concurrent.ThreadPoolExecutor.runWorker(ThreadPoolExecutor.java:1136)
at java.base/java.util.concurrent.ThreadPoolExecutor$Worker.run(ThreadPoolExecutor.java:635)
at java.base/java.lang.Thread.run(Thread.java:833)
]]>
            </full-stacktrace>
          </exception> <!-- java.util.ConcurrentModificationException -->
          <reporter-output>
          </reporter-output>
        </test-method> <!-- Device3_WB_Text -->
        <test-method signature="Device3_WorkAEROII_Text()[pri:0, instance:AllTestCases.Device3TextTests@7722c3c3]" started-at="2023-02-12T15:01:19 IST" name="Device3_WorkAEROII_Text" finished-at="2023-02-12T15:01:31 IST" duration-ms="12138" status="FAIL">
          <exception class="java.util.ConcurrentModificationException">
            <full-stacktrace>
              <![CDATA[java.util.ConcurrentModificationException
at java.base/java.util.ArrayList$ArrayListSpliterator.forEachRemaining(ArrayList.java:1631)
at java.base/java.util.stream.ReferencePipeline$Head.forEach(ReferencePipeline.java:762)
at java.base/java.util.stream.ReferencePipeline$7$1.accept(ReferencePipeline.java:276)
at java.base/java.util.ArrayList$ArrayListSpliterator.forEachRemaining(ArrayList.java:1625)
at java.base/java.util.stream.AbstractPipeline.copyInto(AbstractPipeline.java:509)
at java.base/java.util.stream.AbstractPipeline.wrapAndCopyInto(AbstractPipeline.java:499)
at java.base/java.util.stream.ReduceOps$ReduceOp.evaluateSequential(ReduceOps.java:921)
at java.base/java.util.stream.AbstractPipeline.evaluate(AbstractPipeline.java:234)
at java.base/java.util.stream.ReferencePipeline.collect(ReferencePipeline.java:682)
at com.aventstack.extentreports.model.ReportStats.update(ReportStats.java:49)
at com.aventstack.extentreports.model.Report.refresh(Report.java:52)
at com.aventstack.extentreports.AbstractProcessor.onFlush(AbstractProcessor.java:82)
at com.aventstack.extentreports.ExtentReports.flush(ExtentReports.java:279)
at WPAPI.LogMethods.flush(LogMethods.java:66)
at WPAPI.MainPOSTLogic.sendMessageToGroups(MainPOSTLogic.java:38)
at AllTestCases.Device3TextTests.Device3_WorkAEROII_Text(Device3TextTests.java:119)
at java.base/jdk.internal.reflect.NativeMethodAccessorImpl.invoke0(Native Method)
at java.base/jdk.internal.reflect.NativeMethodAccessorImpl.invoke(NativeMethodAccessorImpl.java:77)
at java.base/jdk.internal.reflect.DelegatingMethodAccessorImpl.invoke(DelegatingMethodAccessorImpl.java:43)
at java.base/java.lang.reflect.Method.invoke(Method.java:568)
at org.testng.internal.invokers.MethodInvocationHelper.invokeMethod(MethodInvocationHelper.java:139)
at org.testng.internal.invokers.TestInvoker.invokeMethod(TestInvoker.java:677)
at org.testng.internal.invokers.TestInvoker.invokeTestMethod(TestInvoker.java:221)
at org.testng.internal.invokers.MethodRunner.runInSequence(MethodRunner.java:50)
at org.testng.internal.invokers.TestInvoker$MethodInvocationAgent.invoke(TestInvoker.java:969)
at org.testng.internal.invokers.TestInvoker.invokeTestMethods(TestInvoker.java:194)
at org.testng.internal.invokers.TestMethodWorker.invokeTestMethods(TestMethodWorker.java:148)
at org.testng.internal.invokers.TestMethodWorker.run(TestMethodWorker.java:128)
at java.base/java.util.concurrent.ThreadPoolExecutor.runWorker(ThreadPoolExecutor.java:1136)
at java.base/java.util.concurrent.ThreadPoolExecutor$Worker.run(ThreadPoolExecutor.java:635)
at java.base/java.lang.Thread.run(Thread.java:833)
]]>
            </full-stacktrace>
          </exception> <!-- java.util.ConcurrentModificationException -->
          <reporter-output>
          </reporter-output>
        </test-method> <!-- Device3_WorkAEROII_Text -->
        <test-method signature="Device3_WorkAEROI_Text()[pri:0, instance:AllTestCases.Device3TextTests@7722c3c3]" started-at="2023-02-12T15:01:19 IST" name="Device3_WorkAEROI_Text" finished-at="2023-02-12T15:01:31 IST" duration-ms="12474" status="FAIL">
          <exception class="java.util.ConcurrentModificationException">
            <full-stacktrace>
              <![CDATA[java.util.ConcurrentModificationException
at java.base/java.util.ArrayList$ArrayListSpliterator.forEachRemaining(ArrayList.java:1631)
at java.base/java.util.stream.ReferencePipeline$Head.forEach(ReferencePipeline.java:762)
at java.base/java.util.stream.ReferencePipeline$7$1.accept(ReferencePipeline.java:276)
at java.base/java.util.ArrayList$ArrayListSpliterator.forEachRemaining(ArrayList.java:1625)
at java.base/java.util.stream.AbstractPipeline.copyInto(AbstractPipeline.java:509)
at java.base/java.util.stream.AbstractPipeline.wrapAndCopyInto(AbstractPipeline.java:499)
at java.base/java.util.stream.ReduceOps$ReduceOp.evaluateSequential(ReduceOps.java:921)
at java.base/java.util.stream.AbstractPipeline.evaluate(AbstractPipeline.java:234)
at java.base/java.util.stream.ReferencePipeline.collect(ReferencePipeline.java:682)
at com.aventstack.extentreports.model.ReportStats.update(ReportStats.java:49)
at com.aventstack.extentreports.model.Report.refresh(Report.java:52)
at com.aventstack.extentreports.AbstractProcessor.onFlush(AbstractProcessor.java:82)
at com.aventstack.extentreports.ExtentReports.flush(ExtentReports.java:279)
at WPAPI.LogMethods.flush(LogMethods.java:66)
at WPAPI.MainPOSTLogic.sendMessageToGroups(MainPOSTLogic.java:38)
at AllTestCases.Device3TextTests.Device3_WorkAEROI_Text(Device3TextTests.java:98)
at java.base/jdk.internal.reflect.NativeMethodAccessorImpl.invoke0(Native Method)
at java.base/jdk.internal.reflect.NativeMethodAccessorImpl.invoke(NativeMethodAccessorImpl.java:77)
at java.base/jdk.internal.reflect.DelegatingMethodAccessorImpl.invoke(DelegatingMethodAccessorImpl.java:43)
at java.base/java.lang.reflect.Method.invoke(Method.java:568)
at org.testng.internal.invokers.MethodInvocationHelper.invokeMethod(MethodInvocationHelper.java:139)
at org.testng.internal.invokers.TestInvoker.invokeMethod(TestInvoker.java:677)
at org.testng.internal.invokers.TestInvoker.invokeTestMethod(TestInvoker.java:221)
at org.testng.internal.invokers.MethodRunner.runInSequence(MethodRunner.java:50)
at org.testng.internal.invokers.TestInvoker$MethodInvocationAgent.invoke(TestInvoker.java:969)
at org.testng.internal.invokers.TestInvoker.invokeTestMethods(TestInvoker.java:194)
at org.testng.internal.invokers.TestMethodWorker.invokeTestMethods(TestMethodWorker.java:148)
at org.testng.internal.invokers.TestMethodWorker.run(TestMethodWorker.java:128)
at java.base/java.util.concurrent.ThreadPoolExecutor.runWorker(ThreadPoolExecutor.java:1136)
at java.base/java.util.concurrent.ThreadPoolExecutor$Worker.run(ThreadPoolExecutor.java:635)
at java.base/java.lang.Thread.run(Thread.java:833)
]]>
            </full-stacktrace>
          </exception> <!-- java.util.ConcurrentModificationException -->
          <reporter-output>
          </reporter-output>
        </test-method> <!-- Device3_WorkAEROI_Text -->
        <test-method signature="Device3_WorkFM_Text()[pri:0, instance:AllTestCases.Device3TextTests@7722c3c3]" started-at="2023-02-12T15:01:19 IST" name="Device3_WorkFM_Text" finished-at="2023-02-12T15:01:32 IST" duration-ms="12882" status="FAIL">
          <exception class="java.util.ConcurrentModificationException">
            <full-stacktrace>
              <![CDATA[java.util.ConcurrentModificationException
at java.base/java.util.ArrayList$ArrayListSpliterator.forEachRemaining(ArrayList.java:1631)
at java.base/java.util.stream.ReferencePipeline$Head.forEach(ReferencePipeline.java:762)
at java.base/java.util.stream.ReferencePipeline$7$1.accept(ReferencePipeline.java:276)
at java.base/java.util.ArrayList$ArrayListSpliterator.forEachRemaining(ArrayList.java:1625)
at java.base/java.util.stream.AbstractPipeline.copyInto(AbstractPipeline.java:509)
at java.base/java.util.stream.AbstractPipeline.wrapAndCopyInto(AbstractPipeline.java:499)
at java.base/java.util.stream.ReduceOps$ReduceOp.evaluateSequential(ReduceOps.java:921)
at java.base/java.util.stream.AbstractPipeline.evaluate(AbstractPipeline.java:234)
at java.base/java.util.stream.ReferencePipeline.collect(ReferencePipeline.java:682)
at com.aventstack.extentreports.model.ReportStats.update(ReportStats.java:49)
at com.aventstack.extentreports.model.Report.refresh(Report.java:52)
at com.aventstack.extentreports.AbstractProcessor.onFlush(AbstractProcessor.java:82)
at com.aventstack.extentreports.ExtentReports.flush(ExtentReports.java:279)
at WPAPI.LogMethods.flush(LogMethods.java:66)
at WPAPI.MainPOSTLogic.sendMessageToGroups(MainPOSTLogic.java:38)
at AllTestCases.Device3TextTests.Device3_WorkFM_Text(Device3TextTests.java:35)
at java.base/jdk.internal.reflect.NativeMethodAccessorImpl.invoke0(Native Method)
at java.base/jdk.internal.reflect.NativeMethodAccessorImpl.invoke(NativeMethodAccessorImpl.java:77)
at java.base/jdk.internal.reflect.DelegatingMethodAccessorImpl.invoke(DelegatingMethodAccessorImpl.java:43)
at java.base/java.lang.reflect.Method.invoke(Method.java:568)
at org.testng.internal.invokers.MethodInvocationHelper.invokeMethod(MethodInvocationHelper.java:139)
at org.testng.internal.invokers.TestInvoker.invokeMethod(TestInvoker.java:677)
at org.testng.internal.invokers.TestInvoker.invokeTestMethod(TestInvoker.java:221)
at org.testng.internal.invokers.MethodRunner.runInSequence(MethodRunner.java:50)
at org.testng.internal.invokers.TestInvoker$MethodInvocationAgent.invoke(TestInvoker.java:969)
at org.testng.internal.invokers.TestInvoker.invokeTestMethods(TestInvoker.java:194)
at org.testng.internal.invokers.TestMethodWorker.invokeTestMethods(TestMethodWorker.java:148)
at org.testng.internal.invokers.TestMethodWorker.run(TestMethodWorker.java:128)
at java.base/java.util.concurrent.ThreadPoolExecutor.runWorker(ThreadPoolExecutor.java:1136)
at java.base/java.util.concurrent.ThreadPoolExecutor$Worker.run(ThreadPoolExecutor.java:635)
at java.base/java.lang.Thread.run(Thread.java:833)
]]>
            </full-stacktrace>
          </exception> <!-- java.util.ConcurrentModificationException -->
          <reporter-output>
          </reporter-output>
        </test-method> <!-- Device3_WorkFM_Text -->
        <test-method signature="Device3_WorkGB_Text()[pri:0, instance:AllTestCases.Device3TextTests@7722c3c3]" started-at="2023-02-12T15:01:19 IST" name="Device3_WorkGB_Text" finished-at="2023-02-12T15:01:32 IST" duration-ms="12718" status="FAIL">
          <exception class="java.util.ConcurrentModificationException">
            <full-stacktrace>
              <![CDATA[java.util.ConcurrentModificationException
at java.base/java.util.ArrayList$ArrayListSpliterator.forEachRemaining(ArrayList.java:1631)
at java.base/java.util.stream.ReferencePipeline$Head.forEach(ReferencePipeline.java:762)
at java.base/java.util.stream.ReferencePipeline$7$1.accept(ReferencePipeline.java:276)
at java.base/java.util.ArrayList$ArrayListSpliterator.forEachRemaining(ArrayList.java:1625)
at java.base/java.util.stream.AbstractPipeline.copyInto(AbstractPipeline.java:509)
at java.base/java.util.stream.AbstractPipeline.wrapAndCopyInto(AbstractPipeline.java:499)
at java.base/java.util.stream.ReduceOps$ReduceOp.evaluateSequential(ReduceOps.java:921)
at java.base/java.util.stream.AbstractPipeline.evaluate(AbstractPipeline.java:234)
at java.base/java.util.stream.ReferencePipeline.collect(ReferencePipeline.java:682)
at com.aventstack.extentreports.model.ReportStats.update(ReportStats.java:49)
at com.aventstack.extentreports.model.Report.refresh(Report.java:52)
at com.aventstack.extentreports.AbstractProcessor.onFlush(AbstractProcessor.java:82)
at com.aventstack.extentreports.ExtentReports.flush(ExtentReports.java:279)
at WPAPI.LogMethods.flush(LogMethods.java:66)
at WPAPI.MainPOSTLogic.sendMessageToGroups(MainPOSTLogic.java:38)
at AllTestCases.Device3TextTests.Device3_WorkGB_Text(Device3TextTests.java:56)
at java.base/jdk.internal.reflect.NativeMethodAccessorImpl.invoke0(Native Method)
at java.base/jdk.internal.reflect.NativeMethodAccessorImpl.invoke(NativeMethodAccessorImpl.java:77)
at java.base/jdk.internal.reflect.DelegatingMethodAccessorImpl.invoke(DelegatingMethodAccessorImpl.java:43)
at java.base/java.lang.reflect.Method.invoke(Method.java:568)
at org.testng.internal.invokers.MethodInvocationHelper.invokeMethod(MethodInvocationHelper.java:139)
at org.testng.internal.invokers.TestInvoker.invokeMethod(TestInvoker.java:677)
at org.testng.internal.invokers.TestInvoker.invokeTestMethod(TestInvoker.java:221)
at org.testng.internal.invokers.MethodRunner.runInSequence(MethodRunner.java:50)
at org.testng.internal.invokers.TestInvoker$MethodInvocationAgent.invoke(TestInvoker.java:969)
at org.testng.internal.invokers.TestInvoker.invokeTestMethods(TestInvoker.java:194)
at org.testng.internal.invokers.TestMethodWorker.invokeTestMethods(TestMethodWorker.java:148)
at org.testng.internal.invokers.TestMethodWorker.run(TestMethodWorker.java:128)
at java.base/java.util.concurrent.ThreadPoolExecutor.runWorker(ThreadPoolExecutor.java:1136)
at java.base/java.util.concurrent.ThreadPoolExecutor$Worker.run(ThreadPoolExecutor.java:635)
at java.base/java.lang.Thread.run(Thread.java:833)
]]>
            </full-stacktrace>
          </exception> <!-- java.util.ConcurrentModificationException -->
          <reporter-output>
          </reporter-output>
        </test-method> <!-- Device3_WorkGB_Text -->
        <test-method signature="Device3_WorkWB_Text()[pri:0, instance:AllTestCases.Device3TextTests@7722c3c3]" started-at="2023-02-12T15:01:19 IST" name="Device3_WorkWB_Text" finished-at="2023-02-12T15:01:31 IST" duration-ms="12180" status="FAIL">
          <exception class="java.util.ConcurrentModificationException">
            <full-stacktrace>
              <![CDATA[java.util.ConcurrentModificationException
at java.base/java.util.ArrayList$ArrayListSpliterator.forEachRemaining(ArrayList.java:1631)
at java.base/java.util.stream.ReferencePipeline$Head.forEach(ReferencePipeline.java:762)
at java.base/java.util.stream.ReferencePipeline$7$1.accept(ReferencePipeline.java:276)
at java.base/java.util.ArrayList$ArrayListSpliterator.forEachRemaining(ArrayList.java:1625)
at java.base/java.util.stream.AbstractPipeline.copyInto(AbstractPipeline.java:509)
at java.base/java.util.stream.AbstractPipeline.wrapAndCopyInto(AbstractPipeline.java:499)
at java.base/java.util.stream.ReduceOps$ReduceOp.evaluateSequential(ReduceOps.java:921)
at java.base/java.util.stream.AbstractPipeline.evaluate(AbstractPipeline.java:234)
at java.base/java.util.stream.ReferencePipeline.collect(ReferencePipeline.java:682)
at com.aventstack.extentreports.model.ReportStats.update(ReportStats.java:49)
at com.aventstack.extentreports.model.Report.refresh(Report.java:52)
at com.aventstack.extentreports.AbstractProcessor.onFlush(AbstractProcessor.java:82)
at com.aventstack.extentreports.ExtentReports.flush(ExtentReports.java:279)
at WPAPI.LogMethods.flush(LogMethods.java:66)
at WPAPI.MainPOSTLogic.sendMessageToGroups(MainPOSTLogic.java:38)
at AllTestCases.Device3TextTests.Device3_WorkWB_Text(Device3TextTests.java:77)
at java.base/jdk.internal.reflect.NativeMethodAccessorImpl.invoke0(Native Method)
at java.base/jdk.internal.reflect.NativeMethodAccessorImpl.invoke(NativeMethodAccessorImpl.java:77)
at java.base/jdk.internal.reflect.DelegatingMethodAccessorImpl.invoke(DelegatingMethodAccessorImpl.java:43)
at java.base/java.lang.reflect.Method.invoke(Method.java:568)
at org.testng.internal.invokers.MethodInvocationHelper.invokeMethod(MethodInvocationHelper.java:139)
at org.testng.internal.invokers.TestInvoker.invokeMethod(TestInvoker.java:677)
at org.testng.internal.invokers.TestInvoker.invokeTestMethod(TestInvoker.java:221)
at org.testng.internal.invokers.MethodRunner.runInSequence(MethodRunner.java:50)
at org.testng.internal.invokers.TestInvoker$MethodInvocationAgent.invoke(TestInvoker.java:969)
at org.testng.internal.invokers.TestInvoker.invokeTestMethods(TestInvoker.java:194)
at org.testng.internal.invokers.TestMethodWorker.invokeTestMethods(TestMethodWorker.java:148)
at org.testng.internal.invokers.TestMethodWorker.run(TestMethodWorker.java:128)
at java.base/java.util.concurrent.ThreadPoolExecutor.runWorker(ThreadPoolExecutor.java:1136)
at java.base/java.util.concurrent.ThreadPoolExecutor$Worker.run(ThreadPoolExecutor.java:635)
at java.base/java.lang.Thread.run(Thread.java:833)
]]>
            </full-stacktrace>
          </exception> <!-- java.util.ConcurrentModificationException -->
          <reporter-output>
          </reporter-output>
        </test-method> <!-- Device3_WorkWB_Text -->
        <test-method signature="Device3_WorkWA_Text()[pri:0, instance:AllTestCases.Device3TextTests@7722c3c3]" started-at="2023-02-12T15:01:19 IST" name="Device3_WorkWA_Text" finished-at="2023-02-12T15:01:31 IST" duration-ms="12448" status="FAIL">
          <exception class="java.util.ConcurrentModificationException">
            <full-stacktrace>
              <![CDATA[java.util.ConcurrentModificationException
at java.base/java.util.ArrayList$ArrayListSpliterator.forEachRemaining(ArrayList.java:1631)
at java.base/java.util.stream.ReferencePipeline$Head.forEach(ReferencePipeline.java:762)
at java.base/java.util.stream.ReferencePipeline$7$1.accept(ReferencePipeline.java:276)
at java.base/java.util.ArrayList$ArrayListSpliterator.forEachRemaining(ArrayList.java:1625)
at java.base/java.util.stream.AbstractPipeline.copyInto(AbstractPipeline.java:509)
at java.base/java.util.stream.AbstractPipeline.wrapAndCopyInto(AbstractPipeline.java:499)
at java.base/java.util.stream.ReduceOps$ReduceOp.evaluateSequential(ReduceOps.java:921)
at java.base/java.util.stream.AbstractPipeline.evaluate(AbstractPipeline.java:234)
at java.base/java.util.stream.ReferencePipeline.collect(ReferencePipeline.java:682)
at com.aventstack.extentreports.model.ReportStats.update(ReportStats.java:49)
at com.aventstack.extentreports.model.Report.refresh(Report.java:52)
at com.aventstack.extentreports.AbstractProcessor.onFlush(AbstractProcessor.java:82)
at com.aventstack.extentreports.ExtentReports.flush(ExtentReports.java:279)
at WPAPI.LogMethods.flush(LogMethods.java:66)
at WPAPI.MainPOSTLogic.sendMessageToGroups(MainPOSTLogic.java:38)
at AllTestCases.Device3TextTests.Device3_WorkWA_Text(Device3TextTests.java:140)
at java.base/jdk.internal.reflect.NativeMethodAccessorImpl.invoke0(Native Method)
at java.base/jdk.internal.reflect.NativeMethodAccessorImpl.invoke(NativeMethodAccessorImpl.java:77)
at java.base/jdk.internal.reflect.DelegatingMethodAccessorImpl.invoke(DelegatingMethodAccessorImpl.java:43)
at java.base/java.lang.reflect.Method.invoke(Method.java:568)
at org.testng.internal.invokers.MethodInvocationHelper.invokeMethod(MethodInvocationHelper.java:139)
at org.testng.internal.invokers.TestInvoker.invokeMethod(TestInvoker.java:677)
at org.testng.internal.invokers.TestInvoker.invokeTestMethod(TestInvoker.java:221)
at org.testng.internal.invokers.MethodRunner.runInSequence(MethodRunner.java:50)
at org.testng.internal.invokers.TestInvoker$MethodInvocationAgent.invoke(TestInvoker.java:969)
at org.testng.internal.invokers.TestInvoker.invokeTestMethods(TestInvoker.java:194)
at org.testng.internal.invokers.TestMethodWorker.invokeTestMethods(TestMethodWorker.java:148)
at org.testng.internal.invokers.TestMethodWorker.run(TestMethodWorker.java:128)
at java.base/java.util.concurrent.ThreadPoolExecutor.runWorker(ThreadPoolExecutor.java:1136)
at java.base/java.util.concurrent.ThreadPoolExecutor$Worker.run(ThreadPoolExecutor.java:635)
at java.base/java.lang.Thread.run(Thread.java:833)
]]>
            </full-stacktrace>
          </exception> <!-- java.util.ConcurrentModificationException -->
          <reporter-output>
          </reporter-output>
        </test-method> <!-- Device3_WorkWA_Text -->
        <test-method signature="Device3_WorkYO_Text()[pri:0, instance:AllTestCases.Device3TextTests@7722c3c3]" started-at="2023-02-12T15:01:19 IST" name="Device3_WorkYO_Text" finished-at="2023-02-12T15:01:31 IST" duration-ms="12503" status="FAIL">
          <exception class="java.util.ConcurrentModificationException">
            <full-stacktrace>
              <![CDATA[java.util.ConcurrentModificationException
at java.base/java.util.ArrayList$ArrayListSpliterator.forEachRemaining(ArrayList.java:1631)
at java.base/java.util.stream.ReferencePipeline$Head.forEach(ReferencePipeline.java:762)
at java.base/java.util.stream.ReferencePipeline$7$1.accept(ReferencePipeline.java:276)
at java.base/java.util.ArrayList$ArrayListSpliterator.forEachRemaining(ArrayList.java:1625)
at java.base/java.util.stream.AbstractPipeline.copyInto(AbstractPipeline.java:509)
at java.base/java.util.stream.AbstractPipeline.wrapAndCopyInto(AbstractPipeline.java:499)
at java.base/java.util.stream.ReduceOps$ReduceOp.evaluateSequential(ReduceOps.java:921)
at java.base/java.util.stream.AbstractPipeline.evaluate(AbstractPipeline.java:234)
at java.base/java.util.stream.ReferencePipeline.collect(ReferencePipeline.java:682)
at com.aventstack.extentreports.model.ReportStats.update(ReportStats.java:49)
at com.aventstack.extentreports.model.Report.refresh(Report.java:52)
at com.aventstack.extentreports.AbstractProcessor.onFlush(AbstractProcessor.java:82)
at com.aventstack.extentreports.ExtentReports.flush(ExtentReports.java:279)
at WPAPI.LogMethods.flush(LogMethods.java:66)
at WPAPI.MainPOSTLogic.sendMessageToGroups(MainPOSTLogic.java:38)
at AllTestCases.Device3TextTests.Device3_WorkYO_Text(Device3TextTests.java:161)
at java.base/jdk.internal.reflect.NativeMethodAccessorImpl.invoke0(Native Method)
at java.base/jdk.internal.reflect.NativeMethodAccessorImpl.invoke(NativeMethodAccessorImpl.java:77)
at java.base/jdk.internal.reflect.DelegatingMethodAccessorImpl.invoke(DelegatingMethodAccessorImpl.java:43)
at java.base/java.lang.reflect.Method.invoke(Method.java:568)
at org.testng.internal.invokers.MethodInvocationHelper.invokeMethod(MethodInvocationHelper.java:139)
at org.testng.internal.invokers.TestInvoker.invokeMethod(TestInvoker.java:677)
at org.testng.internal.invokers.TestInvoker.invokeTestMethod(TestInvoker.java:221)
at org.testng.internal.invokers.MethodRunner.runInSequence(MethodRunner.java:50)
at org.testng.internal.invokers.TestInvoker$MethodInvocationAgent.invoke(TestInvoker.java:969)
at org.testng.internal.invokers.TestInvoker.invokeTestMethods(TestInvoker.java:194)
at org.testng.internal.invokers.TestMethodWorker.invokeTestMethods(TestMethodWorker.java:148)
at org.testng.internal.invokers.TestMethodWorker.run(TestMethodWorker.java:128)
at java.base/java.util.concurrent.ThreadPoolExecutor.runWorker(ThreadPoolExecutor.java:1136)
at java.base/java.util.concurrent.ThreadPoolExecutor$Worker.run(ThreadPoolExecutor.java:635)
at java.base/java.lang.Thread.run(Thread.java:833)
]]>
            </full-stacktrace>
          </exception> <!-- java.util.ConcurrentModificationException -->
          <reporter-output>
          </reporter-output>
        </test-method> <!-- Device3_WorkYO_Text -->
        <test-method signature="Device3_YO_Text()[pri:0, instance:AllTestCases.Device3TextTests@7722c3c3]" started-at="2023-02-12T15:01:19 IST" name="Device3_YO_Text" finished-at="2023-02-12T15:01:31 IST" duration-ms="11860" status="FAIL">
          <exception class="java.util.ConcurrentModificationException">
            <full-stacktrace>
              <![CDATA[java.util.ConcurrentModificationException
at java.base/java.util.ArrayList$ArrayListSpliterator.forEachRemaining(ArrayList.java:1631)
at java.base/java.util.stream.ReferencePipeline$Head.forEach(ReferencePipeline.java:762)
at java.base/java.util.stream.ReferencePipeline$7$1.accept(ReferencePipeline.java:276)
at java.base/java.util.ArrayList$ArrayListSpliterator.forEachRemaining(ArrayList.java:1625)
at java.base/java.util.stream.AbstractPipeline.copyInto(AbstractPipeline.java:509)
at java.base/java.util.stream.AbstractPipeline.wrapAndCopyInto(AbstractPipeline.java:499)
at java.base/java.util.stream.ReduceOps$ReduceOp.evaluateSequential(ReduceOps.java:921)
at java.base/java.util.stream.AbstractPipeline.evaluate(AbstractPipeline.java:234)
at java.base/java.util.stream.ReferencePipeline.collect(ReferencePipeline.java:682)
at com.aventstack.extentreports.model.ReportStats.update(ReportStats.java:49)
at com.aventstack.extentreports.model.Report.refresh(Report.java:52)
at com.aventstack.extentreports.AbstractProcessor.onFlush(AbstractProcessor.java:82)
at com.aventstack.extentreports.ExtentReports.flush(ExtentReports.java:279)
at WPAPI.LogMethods.flush(LogMethods.java:66)
at WPAPI.MainPOSTLogic.sendMessageToGroups(MainPOSTLogic.java:38)
at AllTestCases.Device3TextTests.Device3_YO_Text(Device3TextTests.java:147)
at java.base/jdk.internal.reflect.NativeMethodAccessorImpl.invoke0(Native Method)
at java.base/jdk.internal.reflect.NativeMethodAccessorImpl.invoke(NativeMethodAccessorImpl.java:77)
at java.base/jdk.internal.reflect.DelegatingMethodAccessorImpl.invoke(DelegatingMethodAccessorImpl.java:43)
at java.base/java.lang.reflect.Method.invoke(Method.java:568)
at org.testng.internal.invokers.MethodInvocationHelper.invokeMethod(MethodInvocationHelper.java:139)
at org.testng.internal.invokers.TestInvoker.invokeMethod(TestInvoker.java:677)
at org.testng.internal.invokers.TestInvoker.invokeTestMethod(TestInvoker.java:221)
at org.testng.internal.invokers.MethodRunner.runInSequence(MethodRunner.java:50)
at org.testng.internal.invokers.TestInvoker$MethodInvocationAgent.invoke(TestInvoker.java:969)
at org.testng.internal.invokers.TestInvoker.invokeTestMethods(TestInvoker.java:194)
at org.testng.internal.invokers.TestMethodWorker.invokeTestMethods(TestMethodWorker.java:148)
at org.testng.internal.invokers.TestMethodWorker.run(TestMethodWorker.java:128)
at java.base/java.util.concurrent.ThreadPoolExecutor.runWorker(ThreadPoolExecutor.java:1136)
at java.base/java.util.concurrent.ThreadPoolExecutor$Worker.run(ThreadPoolExecutor.java:635)
at java.base/java.lang.Thread.run(Thread.java:833)
]]>
            </full-stacktrace>
          </exception> <!-- java.util.ConcurrentModificationException -->
          <reporter-output>
          </reporter-output>
        </test-method> <!-- Device3_YO_Text -->
      </class> <!-- AllTestCases.Device3TextTests -->
      <class name="AllTestCases.Device6TextTests">
        <test-method is-config="true" signature="executeBeforeAllTests()[pri:0, instance:AllTestCases.Device6TextTests@291ae]" started-at="2023-02-12T15:01:17 IST" name="executeBeforeAllTests" finished-at="2023-02-12T15:01:19 IST" duration-ms="1353" status="PASS">
          <reporter-output>
          </reporter-output>
        </test-method> <!-- executeBeforeAllTests -->
        <test-method signature="Device6_DualGB_Text()[pri:0, instance:AllTestCases.Device6TextTests@291ae]" started-at="2023-02-12T15:01:19 IST" name="Device6_DualGB_Text" finished-at="2023-02-12T15:01:31 IST" duration-ms="12092" status="FAIL">
          <exception class="java.util.ConcurrentModificationException">
            <full-stacktrace>
              <![CDATA[java.util.ConcurrentModificationException
at java.base/java.util.ArrayList$ArrayListSpliterator.forEachRemaining(ArrayList.java:1631)
at java.base/java.util.stream.ReferencePipeline$Head.forEach(ReferencePipeline.java:762)
at java.base/java.util.stream.ReferencePipeline$7$1.accept(ReferencePipeline.java:276)
at java.base/java.util.ArrayList$ArrayListSpliterator.forEachRemaining(ArrayList.java:1625)
at java.base/java.util.stream.AbstractPipeline.copyInto(AbstractPipeline.java:509)
at java.base/java.util.stream.AbstractPipeline.wrapAndCopyInto(AbstractPipeline.java:499)
at java.base/java.util.stream.ReduceOps$ReduceOp.evaluateSequential(ReduceOps.java:921)
at java.base/java.util.stream.AbstractPipeline.evaluate(AbstractPipeline.java:234)
at java.base/java.util.stream.ReferencePipeline.collect(ReferencePipeline.java:682)
at com.aventstack.extentreports.model.ReportStats.update(ReportStats.java:49)
at com.aventstack.extentreports.model.Report.refresh(Report.java:52)
at com.aventstack.extentreports.AbstractProcessor.onFlush(AbstractProcessor.java:82)
at com.aventstack.extentreports.ExtentReports.flush(ExtentReports.java:279)
at WPAPI.LogMethods.flush(LogMethods.java:66)
at WPAPI.MainPOSTLogic.sendMessageToGroups(MainPOSTLogic.java:38)
at AllTestCases.Device6TextTests.Device6_DualGB_Text(Device6TextTests.java:48)
at java.base/jdk.internal.reflect.NativeMethodAccessorImpl.invoke0(Native Method)
at java.base/jdk.internal.reflect.NativeMethodAccessorImpl.invoke(NativeMethodAccessorImpl.java:77)
at java.base/jdk.internal.reflect.DelegatingMethodAccessorImpl.invoke(DelegatingMethodAccessorImpl.java:43)
at java.base/java.lang.reflect.Method.invoke(Method.java:568)
at org.testng.internal.invokers.MethodInvocationHelper.invokeMethod(MethodInvocationHelper.java:139)
at org.testng.internal.invokers.TestInvoker.invokeMethod(TestInvoker.java:677)
at org.testng.internal.invokers.TestInvoker.invokeTestMethod(TestInvoker.java:221)
at org.testng.internal.invokers.MethodRunner.runInSequence(MethodRunner.java:50)
at org.testng.internal.invokers.TestInvoker$MethodInvocationAgent.invoke(TestInvoker.java:969)
at org.testng.internal.invokers.TestInvoker.invokeTestMethods(TestInvoker.java:194)
at org.testng.internal.invokers.TestMethodWorker.invokeTestMethods(TestMethodWorker.java:148)
at org.testng.internal.invokers.TestMethodWorker.run(TestMethodWorker.java:128)
at java.base/java.util.concurrent.ThreadPoolExecutor.runWorker(ThreadPoolExecutor.java:1136)
at java.base/java.util.concurrent.ThreadPoolExecutor$Worker.run(ThreadPoolExecutor.java:635)
at java.base/java.lang.Thread.run(Thread.java:833)
]]>
            </full-stacktrace>
          </exception> <!-- java.util.ConcurrentModificationException -->
          <reporter-output>
          </reporter-output>
        </test-method> <!-- Device6_DualGB_Text -->
        <test-method signature="Device6_DualWA_Text()[pri:0, instance:AllTestCases.Device6TextTests@291ae]" started-at="2023-02-12T15:01:19 IST" name="Device6_DualWA_Text" finished-at="2023-02-12T15:01:32 IST" duration-ms="12830" status="FAIL">
          <exception class="java.util.ConcurrentModificationException">
            <full-stacktrace>
              <![CDATA[java.util.ConcurrentModificationException
at java.base/java.util.ArrayList$ArrayListSpliterator.forEachRemaining(ArrayList.java:1631)
at java.base/java.util.stream.ReferencePipeline$Head.forEach(ReferencePipeline.java:762)
at java.base/java.util.stream.ReferencePipeline$7$1.accept(ReferencePipeline.java:276)
at java.base/java.util.ArrayList$ArrayListSpliterator.forEachRemaining(ArrayList.java:1625)
at java.base/java.util.stream.AbstractPipeline.copyInto(AbstractPipeline.java:509)
at java.base/java.util.stream.AbstractPipeline.wrapAndCopyInto(AbstractPipeline.java:499)
at java.base/java.util.stream.ReduceOps$ReduceOp.evaluateSequential(ReduceOps.java:921)
at java.base/java.util.stream.AbstractPipeline.evaluate(AbstractPipeline.java:234)
at java.base/java.util.stream.ReferencePipeline.collect(ReferencePipeline.java:682)
at com.aventstack.extentreports.model.ReportStats.update(ReportStats.java:49)
at com.aventstack.extentreports.model.Report.refresh(Report.java:52)
at com.aventstack.extentreports.AbstractProcessor.onFlush(AbstractProcessor.java:82)
at com.aventstack.extentreports.ExtentReports.flush(ExtentReports.java:279)
at WPAPI.LogMethods.flush(LogMethods.java:66)
at WPAPI.MainPOSTLogic.sendMessageToGroups(MainPOSTLogic.java:38)
at AllTestCases.Device6TextTests.Device6_DualWA_Text(Device6TextTests.java:132)
at java.base/jdk.internal.reflect.NativeMethodAccessorImpl.invoke0(Native Method)
at java.base/jdk.internal.reflect.NativeMethodAccessorImpl.invoke(NativeMethodAccessorImpl.java:77)
at java.base/jdk.internal.reflect.DelegatingMethodAccessorImpl.invoke(DelegatingMethodAccessorImpl.java:43)
at java.base/java.lang.reflect.Method.invoke(Method.java:568)
at org.testng.internal.invokers.MethodInvocationHelper.invokeMethod(MethodInvocationHelper.java:139)
at org.testng.internal.invokers.TestInvoker.invokeMethod(TestInvoker.java:677)
at org.testng.internal.invokers.TestInvoker.invokeTestMethod(TestInvoker.java:221)
at org.testng.internal.invokers.MethodRunner.runInSequence(MethodRunner.java:50)
at org.testng.internal.invokers.TestInvoker$MethodInvocationAgent.invoke(TestInvoker.java:969)
at org.testng.internal.invokers.TestInvoker.invokeTestMethods(TestInvoker.java:194)
at org.testng.internal.invokers.TestMethodWorker.invokeTestMethods(TestMethodWorker.java:148)
at org.testng.internal.invokers.TestMethodWorker.run(TestMethodWorker.java:128)
at java.base/java.util.concurrent.ThreadPoolExecutor.runWorker(ThreadPoolExecutor.java:1136)
at java.base/java.util.concurrent.ThreadPoolExecutor$Worker.run(ThreadPoolExecutor.java:635)
at java.base/java.lang.Thread.run(Thread.java:833)
]]>
            </full-stacktrace>
          </exception> <!-- java.util.ConcurrentModificationException -->
          <reporter-output>
          </reporter-output>
        </test-method> <!-- Device6_DualWA_Text -->
        <test-method signature="Device6_DualWB_Text()[pri:0, instance:AllTestCases.Device6TextTests@291ae]" started-at="2023-02-12T15:01:19 IST" name="Device6_DualWB_Text" finished-at="2023-02-12T15:01:32 IST" duration-ms="12792" status="FAIL">
          <exception class="java.util.ConcurrentModificationException">
            <full-stacktrace>
              <![CDATA[java.util.ConcurrentModificationException
at java.base/java.util.ArrayList$ArrayListSpliterator.forEachRemaining(ArrayList.java:1631)
at java.base/java.util.stream.ReferencePipeline$Head.forEach(ReferencePipeline.java:762)
at java.base/java.util.stream.ReferencePipeline$7$1.accept(ReferencePipeline.java:276)
at java.base/java.util.ArrayList$ArrayListSpliterator.forEachRemaining(ArrayList.java:1625)
at java.base/java.util.stream.AbstractPipeline.copyInto(AbstractPipeline.java:509)
at java.base/java.util.stream.AbstractPipeline.wrapAndCopyInto(AbstractPipeline.java:499)
at java.base/java.util.stream.ReduceOps$ReduceOp.evaluateSequential(ReduceOps.java:921)
at java.base/java.util.stream.AbstractPipeline.evaluate(AbstractPipeline.java:234)
at java.base/java.util.stream.ReferencePipeline.collect(ReferencePipeline.java:682)
at com.aventstack.extentreports.model.ReportStats.update(ReportStats.java:49)
at com.aventstack.extentreports.model.Report.refresh(Report.java:52)
at com.aventstack.extentreports.AbstractProcessor.onFlush(AbstractProcessor.java:82)
at com.aventstack.extentreports.ExtentReports.flush(ExtentReports.java:279)
at WPAPI.LogMethods.flush(LogMethods.java:66)
at WPAPI.MainPOSTLogic.sendMessageToGroups(MainPOSTLogic.java:38)
at AllTestCases.Device6TextTests.Device6_DualWB_Text(Device6TextTests.java:69)
at java.base/jdk.internal.reflect.NativeMethodAccessorImpl.invoke0(Native Method)
at java.base/jdk.internal.reflect.NativeMethodAccessorImpl.invoke(NativeMethodAccessorImpl.java:77)
at java.base/jdk.internal.reflect.DelegatingMethodAccessorImpl.invoke(DelegatingMethodAccessorImpl.java:43)
at java.base/java.lang.reflect.Method.invoke(Method.java:568)
at org.testng.internal.invokers.MethodInvocationHelper.invokeMethod(MethodInvocationHelper.java:139)
at org.testng.internal.invokers.TestInvoker.invokeMethod(TestInvoker.java:677)
at org.testng.internal.invokers.TestInvoker.invokeTestMethod(TestInvoker.java:221)
at org.testng.internal.invokers.MethodRunner.runInSequence(MethodRunner.java:50)
at org.testng.internal.invokers.TestInvoker$MethodInvocationAgent.invoke(TestInvoker.java:969)
at org.testng.internal.invokers.TestInvoker.invokeTestMethods(TestInvoker.java:194)
at org.testng.internal.invokers.TestMethodWorker.invokeTestMethods(TestMethodWorker.java:148)
at org.testng.internal.invokers.TestMethodWorker.run(TestMethodWorker.java:128)
at java.base/java.util.concurrent.ThreadPoolExecutor.runWorker(ThreadPoolExecutor.java:1136)
at java.base/java.util.concurrent.ThreadPoolExecutor$Worker.run(ThreadPoolExecutor.java:635)
at java.base/java.lang.Thread.run(Thread.java:833)
]]>
            </full-stacktrace>
          </exception> <!-- java.util.ConcurrentModificationException -->
          <reporter-output>
          </reporter-output>
        </test-method> <!-- Device6_DualWB_Text -->
        <test-method signature="Device6_DualYO_Text()[pri:0, instance:AllTestCases.Device6TextTests@291ae]" started-at="2023-02-12T15:01:19 IST" name="Device6_DualYO_Text" finished-at="2023-02-12T15:12:33 IST" duration-ms="674027" status="PASS">
          <reporter-output>
          </reporter-output>
        </test-method> <!-- Device6_DualYO_Text -->
        <test-method signature="Device6_GB_Text()[pri:0, instance:AllTestCases.Device6TextTests@291ae]" started-at="2023-02-12T15:01:19 IST" name="Device6_GB_Text" finished-at="2023-02-12T15:01:31 IST" duration-ms="12367" status="FAIL">
          <exception class="java.util.ConcurrentModificationException">
            <full-stacktrace>
              <![CDATA[java.util.ConcurrentModificationException
at java.base/java.util.ArrayList$ArrayListSpliterator.forEachRemaining(ArrayList.java:1631)
at java.base/java.util.stream.ReferencePipeline$Head.forEach(ReferencePipeline.java:762)
at java.base/java.util.stream.ReferencePipeline$7$1.accept(ReferencePipeline.java:276)
at java.base/java.util.ArrayList$ArrayListSpliterator.forEachRemaining(ArrayList.java:1625)
at java.base/java.util.stream.AbstractPipeline.copyInto(AbstractPipeline.java:509)
at java.base/java.util.stream.AbstractPipeline.wrapAndCopyInto(AbstractPipeline.java:499)
at java.base/java.util.stream.ReduceOps$ReduceOp.evaluateSequential(ReduceOps.java:921)
at java.base/java.util.stream.AbstractPipeline.evaluate(AbstractPipeline.java:234)
at java.base/java.util.stream.ReferencePipeline.collect(ReferencePipeline.java:682)
at com.aventstack.extentreports.model.ReportStats.update(ReportStats.java:49)
at com.aventstack.extentreports.model.Report.refresh(Report.java:52)
at com.aventstack.extentreports.AbstractProcessor.onFlush(AbstractProcessor.java:82)
at com.aventstack.extentreports.ExtentReports.flush(ExtentReports.java:279)
at WPAPI.LogMethods.flush(LogMethods.java:66)
at WPAPI.MainPOSTLogic.sendMessageToGroups(MainPOSTLogic.java:38)
at AllTestCases.Device6TextTests.Device6_GB_Text(Device6TextTests.java:41)
at java.base/jdk.internal.reflect.NativeMethodAccessorImpl.invoke0(Native Method)
at java.base/jdk.internal.reflect.NativeMethodAccessorImpl.invoke(NativeMethodAccessorImpl.java:77)
at java.base/jdk.internal.reflect.DelegatingMethodAccessorImpl.invoke(DelegatingMethodAccessorImpl.java:43)
at java.base/java.lang.reflect.Method.invoke(Method.java:568)
at org.testng.internal.invokers.MethodInvocationHelper.invokeMethod(MethodInvocationHelper.java:139)
at org.testng.internal.invokers.TestInvoker.invokeMethod(TestInvoker.java:677)
at org.testng.internal.invokers.TestInvoker.invokeTestMethod(TestInvoker.java:221)
at org.testng.internal.invokers.MethodRunner.runInSequence(MethodRunner.java:50)
at org.testng.internal.invokers.TestInvoker$MethodInvocationAgent.invoke(TestInvoker.java:969)
at org.testng.internal.invokers.TestInvoker.invokeTestMethods(TestInvoker.java:194)
at org.testng.internal.invokers.TestMethodWorker.invokeTestMethods(TestMethodWorker.java:148)
at org.testng.internal.invokers.TestMethodWorker.run(TestMethodWorker.java:128)
at java.base/java.util.concurrent.ThreadPoolExecutor.runWorker(ThreadPoolExecutor.java:1136)
at java.base/java.util.concurrent.ThreadPoolExecutor$Worker.run(ThreadPoolExecutor.java:635)
at java.base/java.lang.Thread.run(Thread.java:833)
]]>
            </full-stacktrace>
          </exception> <!-- java.util.ConcurrentModificationException -->
          <reporter-output>
          </reporter-output>
        </test-method> <!-- Device6_GB_Text -->
        <test-method signature="Device6_WA_Text()[pri:0, instance:AllTestCases.Device6TextTests@291ae]" started-at="2023-02-12T15:01:19 IST" name="Device6_WA_Text" finished-at="2023-02-12T15:01:32 IST" duration-ms="12835" status="FAIL">
          <exception class="java.util.ConcurrentModificationException">
            <full-stacktrace>
              <![CDATA[java.util.ConcurrentModificationException
at java.base/java.util.ArrayList$ArrayListSpliterator.forEachRemaining(ArrayList.java:1631)
at java.base/java.util.stream.ReferencePipeline$Head.forEach(ReferencePipeline.java:762)
at java.base/java.util.stream.ReferencePipeline$7$1.accept(ReferencePipeline.java:276)
at java.base/java.util.ArrayList$ArrayListSpliterator.forEachRemaining(ArrayList.java:1625)
at java.base/java.util.stream.AbstractPipeline.copyInto(AbstractPipeline.java:509)
at java.base/java.util.stream.AbstractPipeline.wrapAndCopyInto(AbstractPipeline.java:499)
at java.base/java.util.stream.ReduceOps$ReduceOp.evaluateSequential(ReduceOps.java:921)
at java.base/java.util.stream.AbstractPipeline.evaluate(AbstractPipeline.java:234)
at java.base/java.util.stream.ReferencePipeline.collect(ReferencePipeline.java:682)
at com.aventstack.extentreports.model.ReportStats.update(ReportStats.java:49)
at com.aventstack.extentreports.model.Report.refresh(Report.java:52)
at com.aventstack.extentreports.AbstractProcessor.onFlush(AbstractProcessor.java:82)
at com.aventstack.extentreports.ExtentReports.flush(ExtentReports.java:279)
at WPAPI.LogMethods.flush(LogMethods.java:66)
at WPAPI.MainPOSTLogic.sendMessageToGroups(MainPOSTLogic.java:38)
at AllTestCases.Device6TextTests.Device6_WA_Text(Device6TextTests.java:125)
at java.base/jdk.internal.reflect.NativeMethodAccessorImpl.invoke0(Native Method)
at java.base/jdk.internal.reflect.NativeMethodAccessorImpl.invoke(NativeMethodAccessorImpl.java:77)
at java.base/jdk.internal.reflect.DelegatingMethodAccessorImpl.invoke(DelegatingMethodAccessorImpl.java:43)
at java.base/java.lang.reflect.Method.invoke(Method.java:568)
at org.testng.internal.invokers.MethodInvocationHelper.invokeMethod(MethodInvocationHelper.java:139)
at org.testng.internal.invokers.TestInvoker.invokeMethod(TestInvoker.java:677)
at org.testng.internal.invokers.TestInvoker.invokeTestMethod(TestInvoker.java:221)
at org.testng.internal.invokers.MethodRunner.runInSequence(MethodRunner.java:50)
at org.testng.internal.invokers.TestInvoker$MethodInvocationAgent.invoke(TestInvoker.java:969)
at org.testng.internal.invokers.TestInvoker.invokeTestMethods(TestInvoker.java:194)
at org.testng.internal.invokers.TestMethodWorker.invokeTestMethods(TestMethodWorker.java:148)
at org.testng.internal.invokers.TestMethodWorker.run(TestMethodWorker.java:128)
at java.base/java.util.concurrent.ThreadPoolExecutor.runWorker(ThreadPoolExecutor.java:1136)
at java.base/java.util.concurrent.ThreadPoolExecutor$Worker.run(ThreadPoolExecutor.java:635)
at java.base/java.lang.Thread.run(Thread.java:833)
]]>
            </full-stacktrace>
          </exception> <!-- java.util.ConcurrentModificationException -->
          <reporter-output>
          </reporter-output>
        </test-method> <!-- Device6_WA_Text -->
        <test-method signature="Device6_WorkWA_Text()[pri:0, instance:AllTestCases.Device6TextTests@291ae]" started-at="2023-02-12T15:01:19 IST" name="Device6_WorkWA_Text" finished-at="2023-02-12T15:01:32 IST" duration-ms="12510" status="FAIL">
          <exception class="java.util.ConcurrentModificationException">
            <full-stacktrace>
              <![CDATA[java.util.ConcurrentModificationException
at java.base/java.util.ArrayList$ArrayListSpliterator.forEachRemaining(ArrayList.java:1631)
at java.base/java.util.stream.ReferencePipeline$Head.forEach(ReferencePipeline.java:762)
at java.base/java.util.stream.ReferencePipeline$7$1.accept(ReferencePipeline.java:276)
at java.base/java.util.ArrayList$ArrayListSpliterator.forEachRemaining(ArrayList.java:1625)
at java.base/java.util.stream.AbstractPipeline.copyInto(AbstractPipeline.java:509)
at java.base/java.util.stream.AbstractPipeline.wrapAndCopyInto(AbstractPipeline.java:499)
at java.base/java.util.stream.ReduceOps$ReduceOp.evaluateSequential(ReduceOps.java:921)
at java.base/java.util.stream.AbstractPipeline.evaluate(AbstractPipeline.java:234)
at java.base/java.util.stream.ReferencePipeline.collect(ReferencePipeline.java:682)
at com.aventstack.extentreports.model.ReportStats.update(ReportStats.java:49)
at com.aventstack.extentreports.model.Report.refresh(Report.java:52)
at com.aventstack.extentreports.AbstractProcessor.onFlush(AbstractProcessor.java:82)
[...]
          <reporter-output>
          </reporter-output>
        </test-method> <!-- Device2_WorkYO_Text -->
        <test-method signature="Device2_DualWB_Text()[pri:0, instance:AllTestCases.Device2TextTests@68999068]" started-at="2023-02-12T15:01:19 IST" name="Device2_DualWB_Text" finished-at="2023-02-12T15:01:32 IST" duration-ms="12927" status="FAIL">
          <exception class="java.util.ConcurrentModificationException">
            <full-stacktrace>
              <![CDATA[java.util.ConcurrentModificationException
at java.base/java.util.ArrayList$ArrayListSpliterator.forEachRemaining(ArrayList.java:1631)
at java.base/java.util.stream.ReferencePipeline$Head.forEach(ReferencePipeline.java:762)
at java.base/java.util.stream.ReferencePipeline$7$1.accept(ReferencePipeline.java:276)
at java.base/java.util.ArrayList$ArrayListSpliterator.forEachRemaining(ArrayList.java:1625)
at java.base/java.util.stream.AbstractPipeline.copyInto(AbstractPipeline.java:509)
at java.base/java.util.stream.AbstractPipeline.wrapAndCopyInto(AbstractPipeline.java:499)
at java.base/java.util.stream.ReduceOps$ReduceOp.evaluateSequential(ReduceOps.java:921)
at java.base/java.util.stream.AbstractPipeline.evaluate(AbstractPipeline.java:234)
at java.base/java.util.stream.ReferencePipeline.collect(ReferencePipeline.java:682)
at com.aventstack.extentreports.model.ReportStats.update(ReportStats.java:49)
at com.aventstack.extentreports.model.Report.refresh(Report.java:52)
at com.aventstack.extentreports.AbstractProcessor.onFlush(AbstractProcessor.java:82)
at com.aventstack.extentreports.ExtentReports.flush(ExtentReports.java:279)
at WPAPI.LogMethods.flush(LogMethods.java:66)
at WPAPI.MainPOSTLogic.sendMessageToGroups(MainPOSTLogic.java:38)
at AllTestCases.Device2TextTests.Device2_DualWB_Text(Device2TextTests.java:69)
at java.base/jdk.internal.reflect.NativeMethodAccessorImpl.invoke0(Native Method)
at java.base/jdk.internal.reflect.NativeMethodAccessorImpl.invoke(NativeMethodAccessorImpl.java:77)
at java.base/jdk.internal.reflect.DelegatingMethodAccessorImpl.invoke(DelegatingMethodAccessorImpl.java:43)
at java.base/java.lang.reflect.Method.invoke(Method.java:568)
at org.testng.internal.invokers.MethodInvocationHelper.invokeMethod(MethodInvocationHelper.java:139)
at org.testng.internal.invokers.TestInvoker.invokeMethod(TestInvoker.java:677)
at org.testng.internal.invokers.TestInvoker.invokeTestMethod(TestInvoker.java:221)
at org.testng.internal.invokers.MethodRunner.runInSequence(MethodRunner.java:50)
at org.testng.internal.invokers.TestInvoker$MethodInvocationAgent.invoke(TestInvoker.java:969)
at org.testng.internal.invokers.TestInvoker.invokeTestMethods(TestInvoker.java:194)
at org.testng.internal.invokers.TestMethodWorker.invokeTestMethods(TestMethodWorker.java:148)
at org.testng.internal.invokers.TestMethodWorker.run(TestMethodWorker.java:128)
at java.base/java.util.concurrent.ThreadPoolExecutor.runWorker(ThreadPoolExecutor.java:1136)
at java.base/java.util.concurrent.ThreadPoolExecutor$Worker.run(ThreadPoolExecutor.java:635)
at java.base/java.lang.Thread.run(Thread.java:833)
]]>
            </full-stacktrace>
          </exception> <!-- java.util.ConcurrentModificationException -->
          <reporter-output>
          </reporter-output>
        </test-method> <!-- Device2_DualWB_Text -->
        <test-method signature="Device2_AEROI_Text()[pri:0, instance:AllTestCases.Device2TextTests@68999068]" started-at="2023-02-12T15:01:19 IST" name="Device2_AEROI_Text" finished-at="2023-02-12T15:01:31 IST" duration-ms="12511" status="FAIL">
          <exception class="java.util.ConcurrentModificationException">
            <full-stacktrace>
              <![CDATA[java.util.ConcurrentModificationException
at java.base/java.util.ArrayList$ArrayListSpliterator.forEachRemaining(ArrayList.java:1631)
at java.base/java.util.stream.ReferencePipeline$Head.forEach(ReferencePipeline.java:762)
at java.base/java.util.stream.ReferencePipeline$7$1.accept(ReferencePipeline.java:276)
at java.base/java.util.ArrayList$ArrayListSpliterator.forEachRemaining(ArrayList.java:1625)
at java.base/java.util.stream.AbstractPipeline.copyInto(AbstractPipeline.java:509)
at java.base/java.util.stream.AbstractPipeline.wrapAndCopyInto(AbstractPipeline.java:499)
at java.base/java.util.stream.ReduceOps$ReduceOp.evaluateSequential(ReduceOps.java:921)
at java.base/java.util.stream.AbstractPipeline.evaluate(AbstractPipeline.java:234)
at java.base/java.util.stream.ReferencePipeline.collect(ReferencePipeline.java:682)
at com.aventstack.extentreports.model.ReportStats.update(ReportStats.java:49)
at com.aventstack.extentreports.model.Report.refresh(Report.java:52)
at com.aventstack.extentreports.AbstractProcessor.onFlush(AbstractProcessor.java:82)
at com.aventstack.extentreports.ExtentReports.flush(ExtentReports.java:279)
at WPAPI.LogMethods.flush(LogMethods.java:66)
at WPAPI.MainPOSTLogic.sendMessageToGroups(MainPOSTLogic.java:38)
at AllTestCases.Device2TextTests.Device2_AEROI_Text(Device2TextTests.java:83)
at java.base/jdk.internal.reflect.NativeMethodAccessorImpl.invoke0(Native Method)
at java.base/jdk.internal.reflect.NativeMethodAccessorImpl.invoke(NativeMethodAccessorImpl.java:77)
at java.base/jdk.internal.reflect.DelegatingMethodAccessorImpl.invoke(DelegatingMethodAccessorImpl.java:43)
at java.base/java.lang.reflect.Method.invoke(Method.java:568)
at org.testng.internal.invokers.MethodInvocationHelper.invokeMethod(MethodInvocationHelper.java:139)
at org.testng.internal.invokers.TestInvoker.invokeMethod(TestInvoker.java:677)
at org.testng.internal.invokers.TestInvoker.invokeTestMethod(TestInvoker.java:221)
at org.testng.internal.invokers.MethodRunner.runInSequence(MethodRunner.java:50)
at org.testng.internal.invokers.TestInvoker$MethodInvocationAgent.invoke(TestInvoker.java:969)
at org.testng.internal.invokers.TestInvoker.invokeTestMethods(TestInvoker.java:194)
at org.testng.internal.invokers.TestMethodWorker.invokeTestMethods(TestMethodWorker.java:148)
at org.testng.internal.invokers.TestMethodWorker.run(TestMethodWorker.java:128)
at java.base/java.util.concurrent.ThreadPoolExecutor.runWorker(ThreadPoolExecutor.java:1136)
at java.base/java.util.concurrent.ThreadPoolExecutor$Worker.run(ThreadPoolExecutor.java:635)
at java.base/java.lang.Thread.run(Thread.java:833)
]]>
            </full-stacktrace>
          </exception> <!-- java.util.ConcurrentModificationException -->
          <reporter-output>
          </reporter-output>
        </test-method> <!-- Device2_AEROI_Text -->
        <test-method signature="Device2_YO_Text()[pri:0, instance:AllTestCases.Device2TextTests@68999068]" started-at="2023-02-12T15:01:19 IST" name="Device2_YO_Text" finished-at="2023-02-12T15:01:32 IST" duration-ms="13001" status="FAIL">
          <exception class="java.util.ConcurrentModificationException">
            <full-stacktrace>
              <![CDATA[java.util.ConcurrentModificationException
at java.base/java.util.ArrayList$ArrayListSpliterator.forEachRemaining(ArrayList.java:1631)
at java.base/java.util.stream.ReferencePipeline$Head.forEach(ReferencePipeline.java:762)
at java.base/java.util.stream.ReferencePipeline$7$1.accept(ReferencePipeline.java:276)
at java.base/java.util.ArrayList$ArrayListSpliterator.forEachRemaining(ArrayList.java:1625)
at java.base/java.util.stream.AbstractPipeline.copyInto(AbstractPipeline.java:509)
at java.base/java.util.stream.AbstractPipeline.wrapAndCopyInto(AbstractPipeline.java:499)
at java.base/java.util.stream.ReduceOps$ReduceOp.evaluateSequential(ReduceOps.java:921)
at java.base/java.util.stream.AbstractPipeline.evaluate(AbstractPipeline.java:234)
at java.base/java.util.stream.ReferencePipeline.collect(ReferencePipeline.java:682)
at com.aventstack.extentreports.model.ReportStats.update(ReportStats.java:49)
at com.aventstack.extentreports.model.Report.refresh(Report.java:52)
at com.aventstack.extentreports.AbstractProcessor.onFlush(AbstractProcessor.java:82)
at com.aventstack.extentreports.ExtentReports.flush(ExtentReports.java:279)
at WPAPI.LogMethods.flush(LogMethods.java:66)
at WPAPI.MainPOSTLogic.sendMessageToGroups(MainPOSTLogic.java:38)
at AllTestCases.Device2TextTests.Device2_YO_Text(Device2TextTests.java:146)
at java.base/jdk.internal.reflect.NativeMethodAccessorImpl.invoke0(Native Method)
at java.base/jdk.internal.reflect.NativeMethodAccessorImpl.invoke(NativeMethodAccessorImpl.java:77)
at java.base/jdk.internal.reflect.DelegatingMethodAccessorImpl.invoke(DelegatingMethodAccessorImpl.java:43)
at java.base/java.lang.reflect.Method.invoke(Method.java:568)
at org.testng.internal.invokers.MethodInvocationHelper.invokeMethod(MethodInvocationHelper.java:139)
at org.testng.internal.invokers.TestInvoker.invokeMethod(TestInvoker.java:677)
at org.testng.internal.invokers.TestInvoker.invokeTestMethod(TestInvoker.java:221)
at org.testng.internal.invokers.MethodRunner.runInSequence(MethodRunner.java:50)
at org.testng.internal.invokers.TestInvoker$MethodInvocationAgent.invoke(TestInvoker.java:969)
at org.testng.internal.invokers.TestInvoker.invokeTestMethods(TestInvoker.java:194)
at org.testng.internal.invokers.TestMethodWorker.invokeTestMethods(TestMethodWorker.java:148)
at org.testng.internal.invokers.TestMethodWorker.run(TestMethodWorker.java:128)
at java.base/java.util.concurrent.ThreadPoolExecutor.runWorker(ThreadPoolExecutor.java:1136)
at java.base/java.util.concurrent.ThreadPoolExecutor$Worker.run(ThreadPoolExecutor.java:635)
at java.base/java.lang.Thread.run(Thread.java:833)
]]>
            </full-stacktrace>
          </exception> <!-- java.util.ConcurrentModificationException -->
          <reporter-output>
          </reporter-output>
        </test-method> <!-- Device2_YO_Text -->
        <test-method signature="Device2_WA_Text()[pri:0, instance:AllTestCases.Device2TextTests@68999068]" started-at="2023-02-12T15:01:19 IST" name="Device2_WA_Text" finished-at="2023-02-12T15:01:32 IST" duration-ms="12597" status="FAIL">
          <exception class="java.util.ConcurrentModificationException">
            <full-stacktrace>
              <![CDATA[java.util.ConcurrentModificationException
at java.base/java.util.ArrayList$ArrayListSpliterator.forEachRemaining(ArrayList.java:1631)
at java.base/java.util.stream.ReferencePipeline$Head.forEach(ReferencePipeline.java:762)
at java.base/java.util.stream.ReferencePipeline$7$1.accept(ReferencePipeline.java:276)
at java.base/java.util.ArrayList$ArrayListSpliterator.forEachRemaining(ArrayList.java:1625)
at java.base/java.util.stream.AbstractPipeline.copyInto(AbstractPipeline.java:509)
at java.base/java.util.stream.AbstractPipeline.wrapAndCopyInto(AbstractPipeline.java:499)
at java.base/java.util.stream.ReduceOps$ReduceOp.evaluateSequential(ReduceOps.java:921)
at java.base/java.util.stream.AbstractPipeline.evaluate(AbstractPipeline.java:234)
at java.base/java.util.stream.ReferencePipeline.collect(ReferencePipeline.java:682)
at com.aventstack.extentreports.model.ReportStats.update(ReportStats.java:49)
at com.aventstack.extentreports.model.Report.refresh(Report.java:52)
at com.aventstack.extentreports.AbstractProcessor.onFlush(AbstractProcessor.java:82)
at com.aventstack.extentreports.ExtentReports.flush(ExtentReports.java:279)
at WPAPI.LogMethods.flush(LogMethods.java:66)
at WPAPI.MainPOSTLogic.sendMessageToGroups(MainPOSTLogic.java:38)
at AllTestCases.Device2TextTests.Device2_WA_Text(Device2TextTests.java:125)
at java.base/jdk.internal.reflect.NativeMethodAccessorImpl.invoke0(Native Method)
at java.base/jdk.internal.reflect.NativeMethodAccessorImpl.invoke(NativeMethodAccessorImpl.java:77)
at java.base/jdk.internal.reflect.DelegatingMethodAccessorImpl.invoke(DelegatingMethodAccessorImpl.java:43)
at java.base/java.lang.reflect.Method.invoke(Method.java:568)
at org.testng.internal.invokers.MethodInvocationHelper.invokeMethod(MethodInvocationHelper.java:139)
at org.testng.internal.invokers.TestInvoker.invokeMethod(TestInvoker.java:677)
at org.testng.internal.invokers.TestInvoker.invokeTestMethod(TestInvoker.java:221)
at org.testng.internal.invokers.MethodRunner.runInSequence(MethodRunner.java:50)
at org.testng.internal.invokers.TestInvoker$MethodInvocationAgent.invoke(TestInvoker.java:969)
at org.testng.internal.invokers.TestInvoker.invokeTestMethods(TestInvoker.java:194)
at org.testng.internal.invokers.TestMethodWorker.invokeTestMethods(TestMethodWorker.java:148)
at org.testng.internal.invokers.TestMethodWorker.run(TestMethodWorker.java:128)
at java.base/java.util.concurrent.ThreadPoolExecutor.runWorker(ThreadPoolExecutor.java:1136)
at java.base/java.util.concurrent.ThreadPoolExecutor$Worker.run(ThreadPoolExecutor.java:635)
at java.base/java.lang.Thread.run(Thread.java:833)
]]>
            </full-stacktrace>
          </exception> <!-- java.util.ConcurrentModificationException -->
          <reporter-output>
          </reporter-output>
        </test-method> <!-- Device2_WA_Text -->
        <test-method signature="Device2_FM_Text()[pri:0, instance:AllTestCases.Device2TextTests@68999068]" started-at="2023-02-12T15:01:19 IST" name="Device2_FM_Text" finished-at="2023-02-12T15:01:32 IST" duration-ms="12861" status="FAIL">
          <exception class="java.util.ConcurrentModificationException">
            <full-stacktrace>
              <![CDATA[java.util.ConcurrentModificationException
at java.base/java.util.ArrayList$ArrayListSpliterator.forEachRemaining(ArrayList.java:1631)
at java.base/java.util.stream.ReferencePipeline$Head.forEach(ReferencePipeline.java:762)
at java.base/java.util.stream.ReferencePipeline$7$1.accept(ReferencePipeline.java:276)
at java.base/java.util.ArrayList$ArrayListSpliterator.forEachRemaining(ArrayList.java:1625)
at java.base/java.util.stream.AbstractPipeline.copyInto(AbstractPipeline.java:509)
at java.base/java.util.stream.AbstractPipeline.wrapAndCopyInto(AbstractPipeline.java:499)
at java.base/java.util.stream.ReduceOps$ReduceOp.evaluateSequential(ReduceOps.java:921)
at java.base/java.util.stream.AbstractPipeline.evaluate(AbstractPipeline.java:234)
at java.base/java.util.stream.ReferencePipeline.collect(ReferencePipeline.java:682)
at com.aventstack.extentreports.model.ReportStats.update(ReportStats.java:49)
at com.aventstack.extentreports.model.Report.refresh(Report.java:52)
at com.aventstack.extentreports.AbstractProcessor.onFlush(AbstractProcessor.java:82)
at com.aventstack.extentreports.ExtentReports.flush(ExtentReports.java:279)
at WPAPI.LogMethods.flush(LogMethods.java:66)
at WPAPI.MainPOSTLogic.sendMessageToGroups(MainPOSTLogic.java:38)
at AllTestCases.Device2TextTests.Device2_FM_Text(Device2TextTests.java:21)
at java.base/jdk.internal.reflect.NativeMethodAccessorImpl.invoke0(Native Method)
at java.base/jdk.internal.reflect.NativeMethodAccessorImpl.invoke(NativeMethodAccessorImpl.java:77)
at java.base/jdk.internal.reflect.DelegatingMethodAccessorImpl.invoke(DelegatingMethodAccessorImpl.java:43)
at java.base/java.lang.reflect.Method.invoke(Method.java:568)
at org.testng.internal.invokers.MethodInvocationHelper.invokeMethod(MethodInvocationHelper.java:139)
at org.testng.internal.invokers.TestInvoker.invokeMethod(TestInvoker.java:677)
at org.testng.internal.invokers.TestInvoker.invokeTestMethod(TestInvoker.java:221)
at org.testng.internal.invokers.MethodRunner.runInSequence(MethodRunner.java:50)
at org.testng.internal.invokers.TestInvoker$MethodInvocationAgent.invoke(TestInvoker.java:969)
at org.testng.internal.invokers.TestInvoker.invokeTestMethods(TestInvoker.java:194)
at org.testng.internal.invokers.TestMethodWorker.invokeTestMethods(TestMethodWorker.java:148)
at org.testng.internal.invokers.TestMethodWorker.run(TestMethodWorker.java:128)
at java.base/java.util.concurrent.ThreadPoolExecutor.runWorker(ThreadPoolExecutor.java:1136)
at java.base/java.util.concurrent.ThreadPoolExecutor$Worker.run(ThreadPoolExecutor.java:635)
at java.base/java.lang.Thread.run(Thread.java:833)
]]>
            </full-stacktrace>
          </exception> <!-- java.util.ConcurrentModificationException -->
          <reporter-output>
          </reporter-output>
        </test-method> <!-- Device2_FM_Text -->
        <test-method signature="Device2_WB_Text()[pri:0, instance:AllTestCases.Device2TextTests@68999068]" started-at="2023-02-12T15:01:19 IST" name="Device2_WB_Text" finished-at="2023-02-12T15:12:19 IST" duration-ms="659992" status="PASS">
          <reporter-output>
          </reporter-output>
        </test-method> <!-- Device2_WB_Text -->
        <test-method signature="Device2_DualAEROI_Text()[pri:0, instance:AllTestCases.Device2TextTests@68999068]" started-at="2023-02-12T15:01:19 IST" name="Device2_DualAEROI_Text" finished-at="2023-02-12T15:12:18 IST" duration-ms="659230" status="PASS">
          <reporter-output>
          </reporter-output>
        </test-method> <!-- Device2_DualAEROI_Text -->
        <test-method signature="Device2_DualWA_Text()[pri:0, instance:AllTestCases.Device2TextTests@68999068]" started-at="2023-02-12T15:01:19 IST" name="Device2_DualWA_Text" finished-at="2023-02-12T15:01:32 IST" duration-ms="12924" status="FAIL">
          <exception class="java.util.ConcurrentModificationException">
            <full-stacktrace>
              <![CDATA[java.util.ConcurrentModificationException
at java.base/java.util.HashMap.merge(HashMap.java:1385)
at com.aventstack.extentreports.model.context.NamedAttributeContext.refresh(NamedAttributeContext.java:40)
at java.base/java.util.ArrayList.forEach(ArrayList.java:1511)
at java.base/java.util.Collections$SynchronizedCollection.forEach(Collections.java:2131)
at com.aventstack.extentreports.model.context.NamedAttributeContext.refresh(NamedAttributeContext.java:45)
at com.aventstack.extentreports.model.Report.lambda$refresh$1(Report.java:48)
at java.base/java.util.concurrent.ConcurrentHashMap$KeySetView.forEach(ConcurrentHashMap.java:4706)
at java.base/java.util.Collections$SetFromMap.forEach(Collections.java:5700)
at com.aventstack.extentreports.model.Report.refresh(Report.java:48)
at com.aventstack.extentreports.AbstractProcessor.onFlush(AbstractProcessor.java:82)
at com.aventstack.extentreports.ExtentReports.flush(ExtentReports.java:279)
at WPAPI.LogMethods.flush(LogMethods.java:66)
at WPAPI.MainPOSTLogic.sendMessageToGroups(MainPOSTLogic.java:38)
at AllTestCases.Device2TextTests.Device2_DualWA_Text(Device2TextTests.java:132)
at java.base/jdk.internal.reflect.NativeMethodAccessorImpl.invoke0(Native Method)
at java.base/jdk.internal.reflect.NativeMethodAccessorImpl.invoke(NativeMethodAccessorImpl.java:77)
at java.base/jdk.internal.reflect.DelegatingMethodAccessorImpl.invoke(DelegatingMethodAccessorImpl.java:43)
at java.base/java.lang.reflect.Method.invoke(Method.java:568)
at org.testng.internal.invokers.MethodInvocationHelper.invokeMethod(MethodInvocationHelper.java:139)
at org.testng.internal.invokers.TestInvoker.invokeMethod(TestInvoker.java:677)
at org.testng.internal.invokers.TestInvoker.invokeTestMethod(TestInvoker.java:221)
at org.testng.internal.invokers.MethodRunner.runInSequence(MethodRunner.java:50)
at org.testng.internal.invokers.TestInvoker$MethodInvocationAgent.invoke(TestInvoker.java:969)
at org.testng.internal.invokers.TestInvoker.invokeTestMethods(TestInvoker.java:194)
at org.testng.internal.invokers.TestMethodWorker.invokeTestMethods(TestMethodWorker.java:148)
at org.testng.internal.invokers.TestMethodWorker.run(TestMethodWorker.java:128)
at java.base/java.util.concurrent.ThreadPoolExecutor.runWorker(ThreadPoolExecutor.java:1136)
at java.base/java.util.concurrent.ThreadPoolExecutor$Worker.run(ThreadPoolExecutor.java:635)
at java.base/java.lang.Thread.run(Thread.java:833)
]]>
            </full-stacktrace>
          </exception> <!-- java.util.ConcurrentModificationException -->
          <reporter-output>
          </reporter-output>
        </test-method> <!-- Device2_DualWA_Text -->
      </class> <!-- AllTestCases.Device2TextTests -->
    </test> <!-- Test -->
  </suite> <!-- Suite -->
</testng-results>
