<?xml version="1.0" encoding="UTF-8"?>
<testng-results ignored="0" total="5" passed="5" failed="0" skipped="0">
  <reporter-output>
  </reporter-output>
  <suite started-at="2023-02-12T14:58:49 IST" name="Suite" finished-at="2023-02-12T14:58:50 IST" duration-ms="772">
    <groups>
    </groups>
    <test started-at="2023-02-12T14:58:49 IST" name="Test" finished-at="2023-02-12T14:58:50 IST" duration-ms="772">
      <class name="AllTestCases.demoTests">
        <test-method signature="Test1()[pri:0, instance:AllTestCases.demoTests@40005471]" started-at="2023-02-12T14:58:50 IST" name="Test1" finished-at="2023-02-12T14:58:50 IST" duration-ms="520" status="PASS">
          <reporter-output>
          </reporter-output>
        </test-method> <!-- Test1 -->
        <test-method signature="Test2()[pri:0, instance:AllTestCases.demoTests@40005471]" started-at="2023-02-12T14:58:50 IST" name="Test2" finished-at="2023-02-12T14:58:50 IST" duration-ms="41" status="PASS">
          <reporter-output>
          </reporter-output>
        </test-method> <!-- Test2 -->
        <test-method signature="Test3()[pri:0, instance:AllTestCases.demoTests@40005471]" started-at="2023-02-12T14:58:50 IST" name="Test3" finished-at="2023-02-12T14:58:50 IST" duration-ms="35" status="PASS">
          <reporter-output>
          </reporter-output>
        </test-method> <!-- Test3 -->
        <test-method signature="Test4()[pri:0, instance:AllTestCases.demoTests@40005471]" started-at="2023-02-12T14:58:50 IST" name="Test4" finished-at="2023-02-12T14:58:50 IST" duration-ms="22" status="PASS">
          <reporter-output>
          </reporter-output>
        </test-method> <!-- Test4 -->
        <test-method signature="Test5()[pri:0, instance:AllTestCases.demoTests@40005471]" started-at="2023-02-12T14:58:50 IST" name="Test5" finished-at="2023-02-12T14:58:50 IST" duration-ms="21" status="PASS">
          <reporter-output>
          </reporter-output>
        </test-method> <!-- Test5 -->
        <test-method is-config="true" signature="flush()[pri:0, instance:AllTestCases.demoTests@40005471]" started-at="2023-02-12T14:58:55 IST" name="flush" finished-at="2023-02-12T14:58:57 IST" duration-ms="1214" status="PASS">
          <reporter-output>
          </reporter-output>
        </test-method> <!-- flush -->
      </class> <!-- AllTestCases.demoTests -->
    </test> <!-- Test -->
  </suite> <!-- Suite -->
</testng-results>
